Start testing: Mar 04 04:21 UTC
----------------------------------------------------------
1/210 Testing: LexerTests.ParsesKeywordsAndSymbols
1/210 Test: LexerTests.ParsesKeywordsAndSymbols
Command: "/home/runner/work/nixie/nixie/build/compiler_tests" "--gtest_filter=LexerTests.ParsesKeywordsAndSymbols" "--gtest_also_run_disabled_tests"
Directory: /home/runner/work/nixie/nixie/build
"LexerTests.ParsesKeywordsAndSymbols" start time: Mar 04 04:21 UTC
Output:
----------------------------------------------------------
Running main() from /home/runner/work/nixie/nixie/build/_deps/googletest-src/googletest/src/gtest_main.cc
Note: Google Test filter = LexerTests.ParsesKeywordsAndSymbols
[==========] Running 1 test from 1 test suite.
[----------] Global test environment set-up.
[----------] 1 test from LexerTests
[ RUN      ] LexerTests.ParsesKeywordsAndSymbols
[       OK ] LexerTests.ParsesKeywordsAndSymbols (0 ms)
[----------] 1 test from LexerTests (0 ms total)

[----------] Global test environment tear-down
[==========] 1 test from 1 test suite ran. (0 ms total)
[  PASSED  ] 1 test.
<end of output>
Test time =   0.00 sec
----------------------------------------------------------
Test Passed.
"LexerTests.ParsesKeywordsAndSymbols" end time: Mar 04 04:21 UTC
"LexerTests.ParsesKeywordsAndSymbols" time elapsed: 00:00:00
----------------------------------------------------------

2/210 Testing: LexerTests.ParsesStringLiteral
2/210 Test: LexerTests.ParsesStringLiteral
Command: "/home/runner/work/nixie/nixie/build/compiler_tests" "--gtest_filter=LexerTests.ParsesStringLiteral" "--gtest_also_run_disabled_tests"
Directory: /home/runner/work/nixie/nixie/build
"LexerTests.ParsesStringLiteral" start time: Mar 04 04:21 UTC
Output:
----------------------------------------------------------
Running main() from /home/runner/work/nixie/nixie/build/_deps/googletest-src/googletest/src/gtest_main.cc
Note: Google Test filter = LexerTests.ParsesStringLiteral
[==========] Running 1 test from 1 test suite.
[----------] Global test environment set-up.
[----------] 1 test from LexerTests
[ RUN      ] LexerTests.ParsesStringLiteral
[       OK ] LexerTests.ParsesStringLiteral (0 ms)
[----------] 1 test from LexerTests (0 ms total)

[----------] Global test environment tear-down
[==========] 1 test from 1 test suite ran. (0 ms total)
[  PASSED  ] 1 test.
<end of output>
Test time =   0.00 sec
----------------------------------------------------------
Test Passed.
"LexerTests.ParsesStringLiteral" end time: Mar 04 04:21 UTC
"LexerTests.ParsesStringLiteral" time elapsed: 00:00:00
----------------------------------------------------------

3/210 Testing: LexerTests.ParsesNumericFormats
3/210 Test: LexerTests.ParsesNumericFormats
Command: "/home/runner/work/nixie/nixie/build/compiler_tests" "--gtest_filter=LexerTests.ParsesNumericFormats" "--gtest_also_run_disabled_tests"
Directory: /home/runner/work/nixie/nixie/build
"LexerTests.ParsesNumericFormats" start time: Mar 04 04:21 UTC
Output:
----------------------------------------------------------
Running main() from /home/runner/work/nixie/nixie/build/_deps/googletest-src/googletest/src/gtest_main.cc
Note: Google Test filter = LexerTests.ParsesNumericFormats
[==========] Running 1 test from 1 test suite.
[----------] Global test environment set-up.
[----------] 1 test from LexerTests
[ RUN      ] LexerTests.ParsesNumericFormats
[       OK ] LexerTests.ParsesNumericFormats (0 ms)
[----------] 1 test from LexerTests (0 ms total)

[----------] Global test environment tear-down
[==========] 1 test from 1 test suite ran. (0 ms total)
[  PASSED  ] 1 test.
<end of output>
Test time =   0.00 sec
----------------------------------------------------------
Test Passed.
"LexerTests.ParsesNumericFormats" end time: Mar 04 04:21 UTC
"LexerTests.ParsesNumericFormats" time elapsed: 00:00:00
----------------------------------------------------------

4/210 Testing: LexerTests.SkipsWhitespaceAndComments
4/210 Test: LexerTests.SkipsWhitespaceAndComments
Command: "/home/runner/work/nixie/nixie/build/compiler_tests" "--gtest_filter=LexerTests.SkipsWhitespaceAndComments" "--gtest_also_run_disabled_tests"
Directory: /home/runner/work/nixie/nixie/build
"LexerTests.SkipsWhitespaceAndComments" start time: Mar 04 04:21 UTC
Output:
----------------------------------------------------------
Running main() from /home/runner/work/nixie/nixie/build/_deps/googletest-src/googletest/src/gtest_main.cc
Note: Google Test filter = LexerTests.SkipsWhitespaceAndComments
[==========] Running 1 test from 1 test suite.
[----------] Global test environment set-up.
[----------] 1 test from LexerTests
[ RUN      ] LexerTests.SkipsWhitespaceAndComments
[       OK ] LexerTests.SkipsWhitespaceAndComments (0 ms)
[----------] 1 test from LexerTests (0 ms total)

[----------] Global test environment tear-down
[==========] 1 test from 1 test suite ran. (0 ms total)
[  PASSED  ] 1 test.
<end of output>
Test time =   0.00 sec
----------------------------------------------------------
Test Passed.
"LexerTests.SkipsWhitespaceAndComments" end time: Mar 04 04:21 UTC
"LexerTests.SkipsWhitespaceAndComments" time elapsed: 00:00:00
----------------------------------------------------------

5/210 Testing: LexerTests.ParsesComparisonOperators
5/210 Test: LexerTests.ParsesComparisonOperators
Command: "/home/runner/work/nixie/nixie/build/compiler_tests" "--gtest_filter=LexerTests.ParsesComparisonOperators" "--gtest_also_run_disabled_tests"
Directory: /home/runner/work/nixie/nixie/build
"LexerTests.ParsesComparisonOperators" start time: Mar 04 04:21 UTC
Output:
----------------------------------------------------------
Running main() from /home/runner/work/nixie/nixie/build/_deps/googletest-src/googletest/src/gtest_main.cc
Note: Google Test filter = LexerTests.ParsesComparisonOperators
[==========] Running 1 test from 1 test suite.
[----------] Global test environment set-up.
[----------] 1 test from LexerTests
[ RUN      ] LexerTests.ParsesComparisonOperators
[       OK ] LexerTests.ParsesComparisonOperators (0 ms)
[----------] 1 test from LexerTests (0 ms total)

[----------] Global test environment tear-down
[==========] 1 test from 1 test suite ran. (0 ms total)
[  PASSED  ] 1 test.
<end of output>
Test time =   0.00 sec
----------------------------------------------------------
Test Passed.
"LexerTests.ParsesComparisonOperators" end time: Mar 04 04:21 UTC
"LexerTests.ParsesComparisonOperators" time elapsed: 00:00:00
----------------------------------------------------------

6/210 Testing: LexerTests.EmptyInput
6/210 Test: LexerTests.EmptyInput
Command: "/home/runner/work/nixie/nixie/build/compiler_tests" "--gtest_filter=LexerTests.EmptyInput" "--gtest_also_run_disabled_tests"
Directory: /home/runner/work/nixie/nixie/build
"LexerTests.EmptyInput" start time: Mar 04 04:21 UTC
Output:
----------------------------------------------------------
Running main() from /home/runner/work/nixie/nixie/build/_deps/googletest-src/googletest/src/gtest_main.cc
Note: Google Test filter = LexerTests.EmptyInput
[==========] Running 1 test from 1 test suite.
[----------] Global test environment set-up.
[----------] 1 test from LexerTests
[ RUN      ] LexerTests.EmptyInput
[       OK ] LexerTests.EmptyInput (0 ms)
[----------] 1 test from LexerTests (0 ms total)

[----------] Global test environment tear-down
[==========] 1 test from 1 test suite ran. (0 ms total)
[  PASSED  ] 1 test.
<end of output>
Test time =   0.00 sec
----------------------------------------------------------
Test Passed.
"LexerTests.EmptyInput" end time: Mar 04 04:21 UTC
"LexerTests.EmptyInput" time elapsed: 00:00:00
----------------------------------------------------------

7/210 Testing: LexerTests.FunctionDeclaration
7/210 Test: LexerTests.FunctionDeclaration
Command: "/home/runner/work/nixie/nixie/build/compiler_tests" "--gtest_filter=LexerTests.FunctionDeclaration" "--gtest_also_run_disabled_tests"
Directory: /home/runner/work/nixie/nixie/build
"LexerTests.FunctionDeclaration" start time: Mar 04 04:21 UTC
Output:
----------------------------------------------------------
Running main() from /home/runner/work/nixie/nixie/build/_deps/googletest-src/googletest/src/gtest_main.cc
Note: Google Test filter = LexerTests.FunctionDeclaration
[==========] Running 1 test from 1 test suite.
[----------] Global test environment set-up.
[----------] 1 test from LexerTests
[ RUN      ] LexerTests.FunctionDeclaration
[       OK ] LexerTests.FunctionDeclaration (0 ms)
[----------] 1 test from LexerTests (0 ms total)

[----------] Global test environment tear-down
[==========] 1 test from 1 test suite ran. (0 ms total)
[  PASSED  ] 1 test.
<end of output>
Test time =   0.00 sec
----------------------------------------------------------
Test Passed.
"LexerTests.FunctionDeclaration" end time: Mar 04 04:21 UTC
"LexerTests.FunctionDeclaration" time elapsed: 00:00:00
----------------------------------------------------------

8/210 Testing: LexerTests.WhileLoop
8/210 Test: LexerTests.WhileLoop
Command: "/home/runner/work/nixie/nixie/build/compiler_tests" "--gtest_filter=LexerTests.WhileLoop" "--gtest_also_run_disabled_tests"
Directory: /home/runner/work/nixie/nixie/build
"LexerTests.WhileLoop" start time: Mar 04 04:21 UTC
Output:
----------------------------------------------------------
Running main() from /home/runner/work/nixie/nixie/build/_deps/googletest-src/googletest/src/gtest_main.cc
Note: Google Test filter = LexerTests.WhileLoop
[==========] Running 1 test from 1 test suite.
[----------] Global test environment set-up.
[----------] 1 test from LexerTests
[ RUN      ] LexerTests.WhileLoop
[       OK ] LexerTests.WhileLoop (0 ms)
[----------] 1 test from LexerTests (0 ms total)

[----------] Global test environment tear-down
[==========] 1 test from 1 test suite ran. (0 ms total)
[  PASSED  ] 1 test.
<end of output>
Test time =   0.00 sec
----------------------------------------------------------
Test Passed.
"LexerTests.WhileLoop" end time: Mar 04 04:21 UTC
"LexerTests.WhileLoop" time elapsed: 00:00:00
----------------------------------------------------------

9/210 Testing: LexerTests.NotEqualOperator
9/210 Test: LexerTests.NotEqualOperator
Command: "/home/runner/work/nixie/nixie/build/compiler_tests" "--gtest_filter=LexerTests.NotEqualOperator" "--gtest_also_run_disabled_tests"
Directory: /home/runner/work/nixie/nixie/build
"LexerTests.NotEqualOperator" start time: Mar 04 04:21 UTC
Output:
----------------------------------------------------------
Running main() from /home/runner/work/nixie/nixie/build/_deps/googletest-src/googletest/src/gtest_main.cc
Note: Google Test filter = LexerTests.NotEqualOperator
[==========] Running 1 test from 1 test suite.
[----------] Global test environment set-up.
[----------] 1 test from LexerTests
[ RUN      ] LexerTests.NotEqualOperator
[       OK ] LexerTests.NotEqualOperator (0 ms)
[----------] 1 test from LexerTests (0 ms total)

[----------] Global test environment tear-down
[==========] 1 test from 1 test suite ran. (0 ms total)
[  PASSED  ] 1 test.
<end of output>
Test time =   0.00 sec
----------------------------------------------------------
Test Passed.
"LexerTests.NotEqualOperator" end time: Mar 04 04:21 UTC
"LexerTests.NotEqualOperator" time elapsed: 00:00:00
----------------------------------------------------------

10/210 Testing: ParserTests.SimpleVariableDeclaration
10/210 Test: ParserTests.SimpleVariableDeclaration
Command: "/home/runner/work/nixie/nixie/build/compiler_tests" "--gtest_filter=ParserTests.SimpleVariableDeclaration" "--gtest_also_run_disabled_tests"
Directory: /home/runner/work/nixie/nixie/build
"ParserTests.SimpleVariableDeclaration" start time: Mar 04 04:21 UTC
Output:
----------------------------------------------------------
Running main() from /home/runner/work/nixie/nixie/build/_deps/googletest-src/googletest/src/gtest_main.cc
Note: Google Test filter = ParserTests.SimpleVariableDeclaration
[==========] Running 1 test from 1 test suite.
[----------] Global test environment set-up.
[----------] 1 test from ParserTests
[ RUN      ] ParserTests.SimpleVariableDeclaration
[       OK ] ParserTests.SimpleVariableDeclaration (0 ms)
[----------] 1 test from ParserTests (0 ms total)

[----------] Global test environment tear-down
[==========] 1 test from 1 test suite ran. (0 ms total)
[  PASSED  ] 1 test.
<end of output>
Test time =   0.00 sec
----------------------------------------------------------
Test Passed.
"ParserTests.SimpleVariableDeclaration" end time: Mar 04 04:21 UTC
"ParserTests.SimpleVariableDeclaration" time elapsed: 00:00:00
----------------------------------------------------------

11/210 Testing: ParserTests.VariableEqualToBinary
11/210 Test: ParserTests.VariableEqualToBinary
Command: "/home/runner/work/nixie/nixie/build/compiler_tests" "--gtest_filter=ParserTests.VariableEqualToBinary" "--gtest_also_run_disabled_tests"
Directory: /home/runner/work/nixie/nixie/build
"ParserTests.VariableEqualToBinary" start time: Mar 04 04:21 UTC
Output:
----------------------------------------------------------
Running main() from /home/runner/work/nixie/nixie/build/_deps/googletest-src/googletest/src/gtest_main.cc
Note: Google Test filter = ParserTests.VariableEqualToBinary
[==========] Running 1 test from 1 test suite.
[----------] Global test environment set-up.
[----------] 1 test from ParserTests
[ RUN      ] ParserTests.VariableEqualToBinary
[       OK ] ParserTests.VariableEqualToBinary (0 ms)
[----------] 1 test from ParserTests (0 ms total)

[----------] Global test environment tear-down
[==========] 1 test from 1 test suite ran. (0 ms total)
[  PASSED  ] 1 test.
<end of output>
Test time =   0.00 sec
----------------------------------------------------------
Test Passed.
"ParserTests.VariableEqualToBinary" end time: Mar 04 04:21 UTC
"ParserTests.VariableEqualToBinary" time elapsed: 00:00:00
----------------------------------------------------------

12/210 Testing: ParserTests.ZeropageVariableDeclaration
12/210 Test: ParserTests.ZeropageVariableDeclaration
Command: "/home/runner/work/nixie/nixie/build/compiler_tests" "--gtest_filter=ParserTests.ZeropageVariableDeclaration" "--gtest_also_run_disabled_tests"
Directory: /home/runner/work/nixie/nixie/build
"ParserTests.ZeropageVariableDeclaration" start time: Mar 04 04:21 UTC
Output:
----------------------------------------------------------
Running main() from /home/runner/work/nixie/nixie/build/_deps/googletest-src/googletest/src/gtest_main.cc
Note: Google Test filter = ParserTests.ZeropageVariableDeclaration
[==========] Running 1 test from 1 test suite.
[----------] Global test environment set-up.
[----------] 1 test from ParserTests
[ RUN      ] ParserTests.ZeropageVariableDeclaration
[       OK ] ParserTests.ZeropageVariableDeclaration (0 ms)
[----------] 1 test from ParserTests (0 ms total)

[----------] Global test environment tear-down
[==========] 1 test from 1 test suite ran. (0 ms total)
[  PASSED  ] 1 test.
<end of output>
Test time =   0.00 sec
----------------------------------------------------------
Test Passed.
"ParserTests.ZeropageVariableDeclaration" end time: Mar 04 04:21 UTC
"ParserTests.ZeropageVariableDeclaration" time elapsed: 00:00:00
----------------------------------------------------------

13/210 Testing: ParserTests.FunctionDeclaration
13/210 Test: ParserTests.FunctionDeclaration
Command: "/home/runner/work/nixie/nixie/build/compiler_tests" "--gtest_filter=ParserTests.FunctionDeclaration" "--gtest_also_run_disabled_tests"
Directory: /home/runner/work/nixie/nixie/build
"ParserTests.FunctionDeclaration" start time: Mar 04 04:21 UTC
Output:
----------------------------------------------------------
Running main() from /home/runner/work/nixie/nixie/build/_deps/googletest-src/googletest/src/gtest_main.cc
Note: Google Test filter = ParserTests.FunctionDeclaration
[==========] Running 1 test from 1 test suite.
[----------] Global test environment set-up.
[----------] 1 test from ParserTests
[ RUN      ] ParserTests.FunctionDeclaration
[       OK ] ParserTests.FunctionDeclaration (0 ms)
[----------] 1 test from ParserTests (0 ms total)

[----------] Global test environment tear-down
[==========] 1 test from 1 test suite ran. (0 ms total)
[  PASSED  ] 1 test.
<end of output>
Test time =   0.00 sec
----------------------------------------------------------
Test Passed.
"ParserTests.FunctionDeclaration" end time: Mar 04 04:21 UTC
"ParserTests.FunctionDeclaration" time elapsed: 00:00:00
----------------------------------------------------------

14/210 Testing: ParserTests.FunctionWithParams
14/210 Test: ParserTests.FunctionWithParams
Command: "/home/runner/work/nixie/nixie/build/compiler_tests" "--gtest_filter=ParserTests.FunctionWithParams" "--gtest_also_run_disabled_tests"
Directory: /home/runner/work/nixie/nixie/build
"ParserTests.FunctionWithParams" start time: Mar 04 04:21 UTC
Output:
----------------------------------------------------------
Running main() from /home/runner/work/nixie/nixie/build/_deps/googletest-src/googletest/src/gtest_main.cc
Note: Google Test filter = ParserTests.FunctionWithParams
[==========] Running 1 test from 1 test suite.
[----------] Global test environment set-up.
[----------] 1 test from ParserTests
[ RUN      ] ParserTests.FunctionWithParams
[       OK ] ParserTests.FunctionWithParams (0 ms)
[----------] 1 test from ParserTests (0 ms total)

[----------] Global test environment tear-down
[==========] 1 test from 1 test suite ran. (0 ms total)
[  PASSED  ] 1 test.
<end of output>
Test time =   0.00 sec
----------------------------------------------------------
Test Passed.
"ParserTests.FunctionWithParams" end time: Mar 04 04:21 UTC
"ParserTests.FunctionWithParams" time elapsed: 00:00:00
----------------------------------------------------------

15/210 Testing: ParserTests.InterruptFunction
15/210 Test: ParserTests.InterruptFunction
Command: "/home/runner/work/nixie/nixie/build/compiler_tests" "--gtest_filter=ParserTests.InterruptFunction" "--gtest_also_run_disabled_tests"
Directory: /home/runner/work/nixie/nixie/build
"ParserTests.InterruptFunction" start time: Mar 04 04:21 UTC
Output:
----------------------------------------------------------
Running main() from /home/runner/work/nixie/nixie/build/_deps/googletest-src/googletest/src/gtest_main.cc
Note: Google Test filter = ParserTests.InterruptFunction
[==========] Running 1 test from 1 test suite.
[----------] Global test environment set-up.
[----------] 1 test from ParserTests
[ RUN      ] ParserTests.InterruptFunction
[       OK ] ParserTests.InterruptFunction (0 ms)
[----------] 1 test from ParserTests (0 ms total)

[----------] Global test environment tear-down
[==========] 1 test from 1 test suite ran. (0 ms total)
[  PASSED  ] 1 test.
<end of output>
Test time =   0.00 sec
----------------------------------------------------------
Test Passed.
"ParserTests.InterruptFunction" end time: Mar 04 04:21 UTC
"ParserTests.InterruptFunction" time elapsed: 00:00:00
----------------------------------------------------------

16/210 Testing: ParserTests.StructureDeclaration
16/210 Test: ParserTests.StructureDeclaration
Command: "/home/runner/work/nixie/nixie/build/compiler_tests" "--gtest_filter=ParserTests.StructureDeclaration" "--gtest_also_run_disabled_tests"
Directory: /home/runner/work/nixie/nixie/build
"ParserTests.StructureDeclaration" start time: Mar 04 04:21 UTC
Output:
----------------------------------------------------------
Running main() from /home/runner/work/nixie/nixie/build/_deps/googletest-src/googletest/src/gtest_main.cc
Note: Google Test filter = ParserTests.StructureDeclaration
[==========] Running 1 test from 1 test suite.
[----------] Global test environment set-up.
[----------] 1 test from ParserTests
[ RUN      ] ParserTests.StructureDeclaration
[       OK ] ParserTests.StructureDeclaration (0 ms)
[----------] 1 test from ParserTests (0 ms total)

[----------] Global test environment tear-down
[==========] 1 test from 1 test suite ran. (0 ms total)
[  PASSED  ] 1 test.
<end of output>
Test time =   0.00 sec
----------------------------------------------------------
Test Passed.
"ParserTests.StructureDeclaration" end time: Mar 04 04:21 UTC
"ParserTests.StructureDeclaration" time elapsed: 00:00:00
----------------------------------------------------------

17/210 Testing: ParserTests.BasicArithmeticPriority
17/210 Test: ParserTests.BasicArithmeticPriority
Command: "/home/runner/work/nixie/nixie/build/compiler_tests" "--gtest_filter=ParserTests.BasicArithmeticPriority" "--gtest_also_run_disabled_tests"
Directory: /home/runner/work/nixie/nixie/build
"ParserTests.BasicArithmeticPriority" start time: Mar 04 04:21 UTC
Output:
----------------------------------------------------------
Running main() from /home/runner/work/nixie/nixie/build/_deps/googletest-src/googletest/src/gtest_main.cc
Note: Google Test filter = ParserTests.BasicArithmeticPriority
[==========] Running 1 test from 1 test suite.
[----------] Global test environment set-up.
[----------] 1 test from ParserTests
[ RUN      ] ParserTests.BasicArithmeticPriority
[       OK ] ParserTests.BasicArithmeticPriority (0 ms)
[----------] 1 test from ParserTests (0 ms total)

[----------] Global test environment tear-down
[==========] 1 test from 1 test suite ran. (0 ms total)
[  PASSED  ] 1 test.
<end of output>
Test time =   0.00 sec
----------------------------------------------------------
Test Passed.
"ParserTests.BasicArithmeticPriority" end time: Mar 04 04:21 UTC
"ParserTests.BasicArithmeticPriority" time elapsed: 00:00:00
----------------------------------------------------------

18/210 Testing: ParserTests.IfStatement
18/210 Test: ParserTests.IfStatement
Command: "/home/runner/work/nixie/nixie/build/compiler_tests" "--gtest_filter=ParserTests.IfStatement" "--gtest_also_run_disabled_tests"
Directory: /home/runner/work/nixie/nixie/build
"ParserTests.IfStatement" start time: Mar 04 04:21 UTC
Output:
----------------------------------------------------------
Running main() from /home/runner/work/nixie/nixie/build/_deps/googletest-src/googletest/src/gtest_main.cc
Note: Google Test filter = ParserTests.IfStatement
[==========] Running 1 test from 1 test suite.
[----------] Global test environment set-up.
[----------] 1 test from ParserTests
[ RUN      ] ParserTests.IfStatement
[       OK ] ParserTests.IfStatement (0 ms)
[----------] 1 test from ParserTests (0 ms total)

[----------] Global test environment tear-down
[==========] 1 test from 1 test suite ran. (0 ms total)
[  PASSED  ] 1 test.
<end of output>
Test time =   0.00 sec
----------------------------------------------------------
Test Passed.
"ParserTests.IfStatement" end time: Mar 04 04:21 UTC
"ParserTests.IfStatement" time elapsed: 00:00:00
----------------------------------------------------------

19/210 Testing: ParserTests.WhileLoop
19/210 Test: ParserTests.WhileLoop
Command: "/home/runner/work/nixie/nixie/build/compiler_tests" "--gtest_filter=ParserTests.WhileLoop" "--gtest_also_run_disabled_tests"
Directory: /home/runner/work/nixie/nixie/build
"ParserTests.WhileLoop" start time: Mar 04 04:21 UTC
Output:
----------------------------------------------------------
Running main() from /home/runner/work/nixie/nixie/build/_deps/googletest-src/googletest/src/gtest_main.cc
Note: Google Test filter = ParserTests.WhileLoop
[==========] Running 1 test from 1 test suite.
[----------] Global test environment set-up.
[----------] 1 test from ParserTests
[ RUN      ] ParserTests.WhileLoop
[       OK ] ParserTests.WhileLoop (0 ms)
[----------] 1 test from ParserTests (0 ms total)

[----------] Global test environment tear-down
[==========] 1 test from 1 test suite ran. (0 ms total)
[  PASSED  ] 1 test.
<end of output>
Test time =   0.00 sec
----------------------------------------------------------
Test Passed.
"ParserTests.WhileLoop" end time: Mar 04 04:21 UTC
"ParserTests.WhileLoop" time elapsed: 00:00:00
----------------------------------------------------------

20/210 Testing: ParserTests.UnaryExpressions
20/210 Test: ParserTests.UnaryExpressions
Command: "/home/runner/work/nixie/nixie/build/compiler_tests" "--gtest_filter=ParserTests.UnaryExpressions" "--gtest_also_run_disabled_tests"
Directory: /home/runner/work/nixie/nixie/build
"ParserTests.UnaryExpressions" start time: Mar 04 04:21 UTC
Output:
----------------------------------------------------------
Running main() from /home/runner/work/nixie/nixie/build/_deps/googletest-src/googletest/src/gtest_main.cc
Note: Google Test filter = ParserTests.UnaryExpressions
[==========] Running 1 test from 1 test suite.
[----------] Global test environment set-up.
[----------] 1 test from ParserTests
[ RUN      ] ParserTests.UnaryExpressions
[       OK ] ParserTests.UnaryExpressions (0 ms)
[----------] 1 test from ParserTests (0 ms total)

[----------] Global test environment tear-down
[==========] 1 test from 1 test suite ran. (0 ms total)
[  PASSED  ] 1 test.
<end of output>
Test time =   0.00 sec
----------------------------------------------------------
Test Passed.
"ParserTests.UnaryExpressions" end time: Mar 04 04:21 UTC
"ParserTests.UnaryExpressions" time elapsed: 00:00:00
----------------------------------------------------------

21/210 Testing: CodegenTestBase.NumberNode_8BitValue_Zero
21/210 Test: CodegenTestBase.NumberNode_8BitValue_Zero
Command: "/home/runner/work/nixie/nixie/build/compiler_tests" "--gtest_filter=CodegenTestBase.NumberNode_8BitValue_Zero" "--gtest_also_run_disabled_tests"
Directory: /home/runner/work/nixie/nixie/build
"CodegenTestBase.NumberNode_8BitValue_Zero" start time: Mar 04 04:21 UTC
Output:
----------------------------------------------------------
Running main() from /home/runner/work/nixie/nixie/build/_deps/googletest-src/googletest/src/gtest_main.cc
Note: Google Test filter = CodegenTestBase.NumberNode_8BitValue_Zero
[==========] Running 1 test from 1 test suite.
[----------] Global test environment set-up.
[----------] 1 test from CodegenTestBase
[ RUN      ] CodegenTestBase.NumberNode_8BitValue_Zero
[       OK ] CodegenTestBase.NumberNode_8BitValue_Zero (0 ms)
[----------] 1 test from CodegenTestBase (0 ms total)

[----------] Global test environment tear-down
[==========] 1 test from 1 test suite ran. (0 ms total)
[  PASSED  ] 1 test.
<end of output>
Test time =   0.00 sec
----------------------------------------------------------
Test Passed.
"CodegenTestBase.NumberNode_8BitValue_Zero" end time: Mar 04 04:21 UTC
"CodegenTestBase.NumberNode_8BitValue_Zero" time elapsed: 00:00:00
----------------------------------------------------------

22/210 Testing: CodegenTestBase.NumberNode_8BitValue_One
22/210 Test: CodegenTestBase.NumberNode_8BitValue_One
Command: "/home/runner/work/nixie/nixie/build/compiler_tests" "--gtest_filter=CodegenTestBase.NumberNode_8BitValue_One" "--gtest_also_run_disabled_tests"
Directory: /home/runner/work/nixie/nixie/build
"CodegenTestBase.NumberNode_8BitValue_One" start time: Mar 04 04:21 UTC
Output:
----------------------------------------------------------
Running main() from /home/runner/work/nixie/nixie/build/_deps/googletest-src/googletest/src/gtest_main.cc
Note: Google Test filter = CodegenTestBase.NumberNode_8BitValue_One
[==========] Running 1 test from 1 test suite.
[----------] Global test environment set-up.
[----------] 1 test from CodegenTestBase
[ RUN      ] CodegenTestBase.NumberNode_8BitValue_One
[       OK ] CodegenTestBase.NumberNode_8BitValue_One (0 ms)
[----------] 1 test from CodegenTestBase (0 ms total)

[----------] Global test environment tear-down
[==========] 1 test from 1 test suite ran. (0 ms total)
[  PASSED  ] 1 test.
<end of output>
Test time =   0.00 sec
----------------------------------------------------------
Test Passed.
"CodegenTestBase.NumberNode_8BitValue_One" end time: Mar 04 04:21 UTC
"CodegenTestBase.NumberNode_8BitValue_One" time elapsed: 00:00:00
----------------------------------------------------------

23/210 Testing: CodegenTestBase.NumberNode_8BitValue_127
23/210 Test: CodegenTestBase.NumberNode_8BitValue_127
Command: "/home/runner/work/nixie/nixie/build/compiler_tests" "--gtest_filter=CodegenTestBase.NumberNode_8BitValue_127" "--gtest_also_run_disabled_tests"
Directory: /home/runner/work/nixie/nixie/build
"CodegenTestBase.NumberNode_8BitValue_127" start time: Mar 04 04:21 UTC
Output:
----------------------------------------------------------
Running main() from /home/runner/work/nixie/nixie/build/_deps/googletest-src/googletest/src/gtest_main.cc
Note: Google Test filter = CodegenTestBase.NumberNode_8BitValue_127
[==========] Running 1 test from 1 test suite.
[----------] Global test environment set-up.
[----------] 1 test from CodegenTestBase
[ RUN      ] CodegenTestBase.NumberNode_8BitValue_127
[       OK ] CodegenTestBase.NumberNode_8BitValue_127 (0 ms)
[----------] 1 test from CodegenTestBase (0 ms total)

[----------] Global test environment tear-down
[==========] 1 test from 1 test suite ran. (0 ms total)
[  PASSED  ] 1 test.
<end of output>
Test time =   0.00 sec
----------------------------------------------------------
Test Passed.
"CodegenTestBase.NumberNode_8BitValue_127" end time: Mar 04 04:21 UTC
"CodegenTestBase.NumberNode_8BitValue_127" time elapsed: 00:00:00
----------------------------------------------------------

24/210 Testing: CodegenTestBase.NumberNode_8BitValue_255
24/210 Test: CodegenTestBase.NumberNode_8BitValue_255
Command: "/home/runner/work/nixie/nixie/build/compiler_tests" "--gtest_filter=CodegenTestBase.NumberNode_8BitValue_255" "--gtest_also_run_disabled_tests"
Directory: /home/runner/work/nixie/nixie/build
"CodegenTestBase.NumberNode_8BitValue_255" start time: Mar 04 04:21 UTC
Output:
----------------------------------------------------------
Running main() from /home/runner/work/nixie/nixie/build/_deps/googletest-src/googletest/src/gtest_main.cc
Note: Google Test filter = CodegenTestBase.NumberNode_8BitValue_255
[==========] Running 1 test from 1 test suite.
[----------] Global test environment set-up.
[----------] 1 test from CodegenTestBase
[ RUN      ] CodegenTestBase.NumberNode_8BitValue_255
[       OK ] CodegenTestBase.NumberNode_8BitValue_255 (0 ms)
[----------] 1 test from CodegenTestBase (0 ms total)

[----------] Global test environment tear-down
[==========] 1 test from 1 test suite ran. (0 ms total)
[  PASSED  ] 1 test.
<end of output>
Test time =   0.00 sec
----------------------------------------------------------
Test Passed.
"CodegenTestBase.NumberNode_8BitValue_255" end time: Mar 04 04:21 UTC
"CodegenTestBase.NumberNode_8BitValue_255" time elapsed: 00:00:00
----------------------------------------------------------

25/210 Testing: CodegenTestBase.NumberNode_16BitValue_256
25/210 Test: CodegenTestBase.NumberNode_16BitValue_256
Command: "/home/runner/work/nixie/nixie/build/compiler_tests" "--gtest_filter=CodegenTestBase.NumberNode_16BitValue_256" "--gtest_also_run_disabled_tests"
Directory: /home/runner/work/nixie/nixie/build
"CodegenTestBase.NumberNode_16BitValue_256" start time: Mar 04 04:21 UTC
Output:
----------------------------------------------------------
Running main() from /home/runner/work/nixie/nixie/build/_deps/googletest-src/googletest/src/gtest_main.cc
Note: Google Test filter = CodegenTestBase.NumberNode_16BitValue_256
[==========] Running 1 test from 1 test suite.
[----------] Global test environment set-up.
[----------] 1 test from CodegenTestBase
[ RUN      ] CodegenTestBase.NumberNode_16BitValue_256
[       OK ] CodegenTestBase.NumberNode_16BitValue_256 (0 ms)
[----------] 1 test from CodegenTestBase (0 ms total)

[----------] Global test environment tear-down
[==========] 1 test from 1 test suite ran. (0 ms total)
[  PASSED  ] 1 test.
<end of output>
Test time =   0.00 sec
----------------------------------------------------------
Test Passed.
"CodegenTestBase.NumberNode_16BitValue_256" end time: Mar 04 04:21 UTC
"CodegenTestBase.NumberNode_16BitValue_256" time elapsed: 00:00:00
----------------------------------------------------------

26/210 Testing: CodegenTestBase.NumberNode_16BitValue_65535
26/210 Test: CodegenTestBase.NumberNode_16BitValue_65535
Command: "/home/runner/work/nixie/nixie/build/compiler_tests" "--gtest_filter=CodegenTestBase.NumberNode_16BitValue_65535" "--gtest_also_run_disabled_tests"
Directory: /home/runner/work/nixie/nixie/build
"CodegenTestBase.NumberNode_16BitValue_65535" start time: Mar 04 04:21 UTC
Output:
----------------------------------------------------------
Running main() from /home/runner/work/nixie/nixie/build/_deps/googletest-src/googletest/src/gtest_main.cc
Note: Google Test filter = CodegenTestBase.NumberNode_16BitValue_65535
[==========] Running 1 test from 1 test suite.
[----------] Global test environment set-up.
[----------] 1 test from CodegenTestBase
[ RUN      ] CodegenTestBase.NumberNode_16BitValue_65535
[       OK ] CodegenTestBase.NumberNode_16BitValue_65535 (0 ms)
[----------] 1 test from CodegenTestBase (0 ms total)

[----------] Global test environment tear-down
[==========] 1 test from 1 test suite ran. (0 ms total)
[  PASSED  ] 1 test.
<end of output>
Test time =   0.00 sec
----------------------------------------------------------
Test Passed.
"CodegenTestBase.NumberNode_16BitValue_65535" end time: Mar 04 04:21 UTC
"CodegenTestBase.NumberNode_16BitValue_65535" time elapsed: 00:00:00
----------------------------------------------------------

27/210 Testing: CodegenTestBase.NumberNode_NegativeValue_Minus1
27/210 Test: CodegenTestBase.NumberNode_NegativeValue_Minus1
Command: "/home/runner/work/nixie/nixie/build/compiler_tests" "--gtest_filter=CodegenTestBase.NumberNode_NegativeValue_Minus1" "--gtest_also_run_disabled_tests"
Directory: /home/runner/work/nixie/nixie/build
"CodegenTestBase.NumberNode_NegativeValue_Minus1" start time: Mar 04 04:21 UTC
Output:
----------------------------------------------------------
Running main() from /home/runner/work/nixie/nixie/build/_deps/googletest-src/googletest/src/gtest_main.cc
Note: Google Test filter = CodegenTestBase.NumberNode_NegativeValue_Minus1
[==========] Running 1 test from 1 test suite.
[----------] Global test environment set-up.
[----------] 1 test from CodegenTestBase
[ RUN      ] CodegenTestBase.NumberNode_NegativeValue_Minus1
[       OK ] CodegenTestBase.NumberNode_NegativeValue_Minus1 (0 ms)
[----------] 1 test from CodegenTestBase (0 ms total)

[----------] Global test environment tear-down
[==========] 1 test from 1 test suite ran. (0 ms total)
[  PASSED  ] 1 test.
<end of output>
Test time =   0.00 sec
----------------------------------------------------------
Test Passed.
"CodegenTestBase.NumberNode_NegativeValue_Minus1" end time: Mar 04 04:21 UTC
"CodegenTestBase.NumberNode_NegativeValue_Minus1" time elapsed: 00:00:00
----------------------------------------------------------

28/210 Testing: CodegenTestBase.NumberNode_NegativeValue_Minus128
28/210 Test: CodegenTestBase.NumberNode_NegativeValue_Minus128
Command: "/home/runner/work/nixie/nixie/build/compiler_tests" "--gtest_filter=CodegenTestBase.NumberNode_NegativeValue_Minus128" "--gtest_also_run_disabled_tests"
Directory: /home/runner/work/nixie/nixie/build
"CodegenTestBase.NumberNode_NegativeValue_Minus128" start time: Mar 04 04:21 UTC
Output:
----------------------------------------------------------
Running main() from /home/runner/work/nixie/nixie/build/_deps/googletest-src/googletest/src/gtest_main.cc
Note: Google Test filter = CodegenTestBase.NumberNode_NegativeValue_Minus128
[==========] Running 1 test from 1 test suite.
[----------] Global test environment set-up.
[----------] 1 test from CodegenTestBase
[ RUN      ] CodegenTestBase.NumberNode_NegativeValue_Minus128
[       OK ] CodegenTestBase.NumberNode_NegativeValue_Minus128 (0 ms)
[----------] 1 test from CodegenTestBase (0 ms total)

[----------] Global test environment tear-down
[==========] 1 test from 1 test suite ran. (0 ms total)
[  PASSED  ] 1 test.
<end of output>
Test time =   0.00 sec
----------------------------------------------------------
Test Passed.
"CodegenTestBase.NumberNode_NegativeValue_Minus128" end time: Mar 04 04:21 UTC
"CodegenTestBase.NumberNode_NegativeValue_Minus128" time elapsed: 00:00:00
----------------------------------------------------------

29/210 Testing: CodegenTestBase.NumberNode_NegativeValue_Minus129
29/210 Test: CodegenTestBase.NumberNode_NegativeValue_Minus129
Command: "/home/runner/work/nixie/nixie/build/compiler_tests" "--gtest_filter=CodegenTestBase.NumberNode_NegativeValue_Minus129" "--gtest_also_run_disabled_tests"
Directory: /home/runner/work/nixie/nixie/build
"CodegenTestBase.NumberNode_NegativeValue_Minus129" start time: Mar 04 04:21 UTC
Output:
----------------------------------------------------------
Running main() from /home/runner/work/nixie/nixie/build/_deps/googletest-src/googletest/src/gtest_main.cc
Note: Google Test filter = CodegenTestBase.NumberNode_NegativeValue_Minus129
[==========] Running 1 test from 1 test suite.
[----------] Global test environment set-up.
[----------] 1 test from CodegenTestBase
[ RUN      ] CodegenTestBase.NumberNode_NegativeValue_Minus129
[       OK ] CodegenTestBase.NumberNode_NegativeValue_Minus129 (0 ms)
[----------] 1 test from CodegenTestBase (0 ms total)

[----------] Global test environment tear-down
[==========] 1 test from 1 test suite ran. (0 ms total)
[  PASSED  ] 1 test.
<end of output>
Test time =   0.00 sec
----------------------------------------------------------
Test Passed.
"CodegenTestBase.NumberNode_NegativeValue_Minus129" end time: Mar 04 04:21 UTC
"CodegenTestBase.NumberNode_NegativeValue_Minus129" time elapsed: 00:00:00
----------------------------------------------------------

30/210 Testing: CodegenTestBase.NumberNode_32BitValue
30/210 Test: CodegenTestBase.NumberNode_32BitValue
Command: "/home/runner/work/nixie/nixie/build/compiler_tests" "--gtest_filter=CodegenTestBase.NumberNode_32BitValue" "--gtest_also_run_disabled_tests"
Directory: /home/runner/work/nixie/nixie/build
"CodegenTestBase.NumberNode_32BitValue" start time: Mar 04 04:21 UTC
Output:
----------------------------------------------------------
Running main() from /home/runner/work/nixie/nixie/build/_deps/googletest-src/googletest/src/gtest_main.cc
Note: Google Test filter = CodegenTestBase.NumberNode_32BitValue
[==========] Running 1 test from 1 test suite.
[----------] Global test environment set-up.
[----------] 1 test from CodegenTestBase
[ RUN      ] CodegenTestBase.NumberNode_32BitValue
[       OK ] CodegenTestBase.NumberNode_32BitValue (0 ms)
[----------] 1 test from CodegenTestBase (0 ms total)

[----------] Global test environment tear-down
[==========] 1 test from 1 test suite ran. (0 ms total)
[  PASSED  ] 1 test.
<end of output>
Test time =   0.00 sec
----------------------------------------------------------
Test Passed.
"CodegenTestBase.NumberNode_32BitValue" end time: Mar 04 04:21 UTC
"CodegenTestBase.NumberNode_32BitValue" time elapsed: 00:00:00
----------------------------------------------------------

31/210 Testing: CodegenTestBase.StringNode_EmptyString
31/210 Test: CodegenTestBase.StringNode_EmptyString
Command: "/home/runner/work/nixie/nixie/build/compiler_tests" "--gtest_filter=CodegenTestBase.StringNode_EmptyString" "--gtest_also_run_disabled_tests"
Directory: /home/runner/work/nixie/nixie/build
"CodegenTestBase.StringNode_EmptyString" start time: Mar 04 04:21 UTC
Output:
----------------------------------------------------------
Running main() from /home/runner/work/nixie/nixie/build/_deps/googletest-src/googletest/src/gtest_main.cc
Note: Google Test filter = CodegenTestBase.StringNode_EmptyString
[==========] Running 1 test from 1 test suite.
[----------] Global test environment set-up.
[----------] 1 test from CodegenTestBase
[ RUN      ] CodegenTestBase.StringNode_EmptyString
[       OK ] CodegenTestBase.StringNode_EmptyString (0 ms)
[----------] 1 test from CodegenTestBase (0 ms total)

[----------] Global test environment tear-down
[==========] 1 test from 1 test suite ran. (0 ms total)
[  PASSED  ] 1 test.
<end of output>
Test time =   0.00 sec
----------------------------------------------------------
Test Passed.
"CodegenTestBase.StringNode_EmptyString" end time: Mar 04 04:21 UTC
"CodegenTestBase.StringNode_EmptyString" time elapsed: 00:00:00
----------------------------------------------------------

32/210 Testing: CodegenTestBase.StringNode_HelloWorld
32/210 Test: CodegenTestBase.StringNode_HelloWorld
Command: "/home/runner/work/nixie/nixie/build/compiler_tests" "--gtest_filter=CodegenTestBase.StringNode_HelloWorld" "--gtest_also_run_disabled_tests"
Directory: /home/runner/work/nixie/nixie/build
"CodegenTestBase.StringNode_HelloWorld" start time: Mar 04 04:21 UTC
Output:
----------------------------------------------------------
Running main() from /home/runner/work/nixie/nixie/build/_deps/googletest-src/googletest/src/gtest_main.cc
Note: Google Test filter = CodegenTestBase.StringNode_HelloWorld
[==========] Running 1 test from 1 test suite.
[----------] Global test environment set-up.
[----------] 1 test from CodegenTestBase
[ RUN      ] CodegenTestBase.StringNode_HelloWorld
[       OK ] CodegenTestBase.StringNode_HelloWorld (0 ms)
[----------] 1 test from CodegenTestBase (0 ms total)

[----------] Global test environment tear-down
[==========] 1 test from 1 test suite ran. (0 ms total)
[  PASSED  ] 1 test.
<end of output>
Test time =   0.00 sec
----------------------------------------------------------
Test Passed.
"CodegenTestBase.StringNode_HelloWorld" end time: Mar 04 04:21 UTC
"CodegenTestBase.StringNode_HelloWorld" time elapsed: 00:00:00
----------------------------------------------------------

33/210 Testing: CodegenTestBase.StringNode_ASCIICharacters
33/210 Test: CodegenTestBase.StringNode_ASCIICharacters
Command: "/home/runner/work/nixie/nixie/build/compiler_tests" "--gtest_filter=CodegenTestBase.StringNode_ASCIICharacters" "--gtest_also_run_disabled_tests"
Directory: /home/runner/work/nixie/nixie/build
"CodegenTestBase.StringNode_ASCIICharacters" start time: Mar 04 04:21 UTC
Output:
----------------------------------------------------------
Running main() from /home/runner/work/nixie/nixie/build/_deps/googletest-src/googletest/src/gtest_main.cc
Note: Google Test filter = CodegenTestBase.StringNode_ASCIICharacters
[==========] Running 1 test from 1 test suite.
[----------] Global test environment set-up.
[----------] 1 test from CodegenTestBase
[ RUN      ] CodegenTestBase.StringNode_ASCIICharacters
[       OK ] CodegenTestBase.StringNode_ASCIICharacters (0 ms)
[----------] 1 test from CodegenTestBase (0 ms total)

[----------] Global test environment tear-down
[==========] 1 test from 1 test suite ran. (0 ms total)
[  PASSED  ] 1 test.
<end of output>
Test time =   0.00 sec
----------------------------------------------------------
Test Passed.
"CodegenTestBase.StringNode_ASCIICharacters" end time: Mar 04 04:21 UTC
"CodegenTestBase.StringNode_ASCIICharacters" time elapsed: 00:00:00
----------------------------------------------------------

34/210 Testing: CodegenTestBase.StringNode_MultipleStrings
34/210 Test: CodegenTestBase.StringNode_MultipleStrings
Command: "/home/runner/work/nixie/nixie/build/compiler_tests" "--gtest_filter=CodegenTestBase.StringNode_MultipleStrings" "--gtest_also_run_disabled_tests"
Directory: /home/runner/work/nixie/nixie/build
"CodegenTestBase.StringNode_MultipleStrings" start time: Mar 04 04:21 UTC
Output:
----------------------------------------------------------
Running main() from /home/runner/work/nixie/nixie/build/_deps/googletest-src/googletest/src/gtest_main.cc
Note: Google Test filter = CodegenTestBase.StringNode_MultipleStrings
[==========] Running 1 test from 1 test suite.
[----------] Global test environment set-up.
[----------] 1 test from CodegenTestBase
[ RUN      ] CodegenTestBase.StringNode_MultipleStrings
[       OK ] CodegenTestBase.StringNode_MultipleStrings (0 ms)
[----------] 1 test from CodegenTestBase (0 ms total)

[----------] Global test environment tear-down
[==========] 1 test from 1 test suite ran. (0 ms total)
[  PASSED  ] 1 test.
<end of output>
Test time =   0.00 sec
----------------------------------------------------------
Test Passed.
"CodegenTestBase.StringNode_MultipleStrings" end time: Mar 04 04:21 UTC
"CodegenTestBase.StringNode_MultipleStrings" time elapsed: 00:00:00
----------------------------------------------------------

35/210 Testing: CodegenTestBase.BoolNode_TrueValue
35/210 Test: CodegenTestBase.BoolNode_TrueValue
Command: "/home/runner/work/nixie/nixie/build/compiler_tests" "--gtest_filter=CodegenTestBase.BoolNode_TrueValue" "--gtest_also_run_disabled_tests"
Directory: /home/runner/work/nixie/nixie/build
"CodegenTestBase.BoolNode_TrueValue" start time: Mar 04 04:21 UTC
Output:
----------------------------------------------------------
Running main() from /home/runner/work/nixie/nixie/build/_deps/googletest-src/googletest/src/gtest_main.cc
Note: Google Test filter = CodegenTestBase.BoolNode_TrueValue
[==========] Running 1 test from 1 test suite.
[----------] Global test environment set-up.
[----------] 1 test from CodegenTestBase
[ RUN      ] CodegenTestBase.BoolNode_TrueValue
[       OK ] CodegenTestBase.BoolNode_TrueValue (0 ms)
[----------] 1 test from CodegenTestBase (0 ms total)

[----------] Global test environment tear-down
[==========] 1 test from 1 test suite ran. (0 ms total)
[  PASSED  ] 1 test.
<end of output>
Test time =   0.00 sec
----------------------------------------------------------
Test Passed.
"CodegenTestBase.BoolNode_TrueValue" end time: Mar 04 04:21 UTC
"CodegenTestBase.BoolNode_TrueValue" time elapsed: 00:00:00
----------------------------------------------------------

36/210 Testing: CodegenTestBase.BoolNode_FalseValue
36/210 Test: CodegenTestBase.BoolNode_FalseValue
Command: "/home/runner/work/nixie/nixie/build/compiler_tests" "--gtest_filter=CodegenTestBase.BoolNode_FalseValue" "--gtest_also_run_disabled_tests"
Directory: /home/runner/work/nixie/nixie/build
"CodegenTestBase.BoolNode_FalseValue" start time: Mar 04 04:21 UTC
Output:
----------------------------------------------------------
Running main() from /home/runner/work/nixie/nixie/build/_deps/googletest-src/googletest/src/gtest_main.cc
Note: Google Test filter = CodegenTestBase.BoolNode_FalseValue
[==========] Running 1 test from 1 test suite.
[----------] Global test environment set-up.
[----------] 1 test from CodegenTestBase
[ RUN      ] CodegenTestBase.BoolNode_FalseValue
[       OK ] CodegenTestBase.BoolNode_FalseValue (0 ms)
[----------] 1 test from CodegenTestBase (0 ms total)

[----------] Global test environment tear-down
[==========] 1 test from 1 test suite ran. (0 ms total)
[  PASSED  ] 1 test.
<end of output>
Test time =   0.00 sec
----------------------------------------------------------
Test Passed.
"CodegenTestBase.BoolNode_FalseValue" end time: Mar 04 04:21 UTC
"CodegenTestBase.BoolNode_FalseValue" time elapsed: 00:00:00
----------------------------------------------------------

37/210 Testing: CodegenTestBase.VariableNode_GlobalUninitialized
37/210 Test: CodegenTestBase.VariableNode_GlobalUninitialized
Command: "/home/runner/work/nixie/nixie/build/compiler_tests" "--gtest_filter=CodegenTestBase.VariableNode_GlobalUninitialized" "--gtest_also_run_disabled_tests"
Directory: /home/runner/work/nixie/nixie/build
"CodegenTestBase.VariableNode_GlobalUninitialized" start time: Mar 04 04:21 UTC
Output:
----------------------------------------------------------
Running main() from /home/runner/work/nixie/nixie/build/_deps/googletest-src/googletest/src/gtest_main.cc
Note: Google Test filter = CodegenTestBase.VariableNode_GlobalUninitialized
[==========] Running 1 test from 1 test suite.
[----------] Global test environment set-up.
[----------] 1 test from CodegenTestBase
[ RUN      ] CodegenTestBase.VariableNode_GlobalUninitialized
[       OK ] CodegenTestBase.VariableNode_GlobalUninitialized (0 ms)
[----------] 1 test from CodegenTestBase (0 ms total)

[----------] Global test environment tear-down
[==========] 1 test from 1 test suite ran. (0 ms total)
[  PASSED  ] 1 test.
<end of output>
Test time =   0.00 sec
----------------------------------------------------------
Test Passed.
"CodegenTestBase.VariableNode_GlobalUninitialized" end time: Mar 04 04:21 UTC
"CodegenTestBase.VariableNode_GlobalUninitialized" time elapsed: 00:00:00
----------------------------------------------------------

38/210 Testing: CodegenTestBase.VariableNode_GlobalInitialized
38/210 Test: CodegenTestBase.VariableNode_GlobalInitialized
Command: "/home/runner/work/nixie/nixie/build/compiler_tests" "--gtest_filter=CodegenTestBase.VariableNode_GlobalInitialized" "--gtest_also_run_disabled_tests"
Directory: /home/runner/work/nixie/nixie/build
"CodegenTestBase.VariableNode_GlobalInitialized" start time: Mar 04 04:21 UTC
Output:
----------------------------------------------------------
Running main() from /home/runner/work/nixie/nixie/build/_deps/googletest-src/googletest/src/gtest_main.cc
Note: Google Test filter = CodegenTestBase.VariableNode_GlobalInitialized
[==========] Running 1 test from 1 test suite.
[----------] Global test environment set-up.
[----------] 1 test from CodegenTestBase
[ RUN      ] CodegenTestBase.VariableNode_GlobalInitialized
[       OK ] CodegenTestBase.VariableNode_GlobalInitialized (0 ms)
[----------] 1 test from CodegenTestBase (0 ms total)

[----------] Global test environment tear-down
[==========] 1 test from 1 test suite ran. (0 ms total)
[  PASSED  ] 1 test.
<end of output>
Test time =   0.00 sec
----------------------------------------------------------
Test Passed.
"CodegenTestBase.VariableNode_GlobalInitialized" end time: Mar 04 04:21 UTC
"CodegenTestBase.VariableNode_GlobalInitialized" time elapsed: 00:00:00
----------------------------------------------------------

39/210 Testing: CodegenTestBase.VariableNode_ZeroPage
39/210 Test: CodegenTestBase.VariableNode_ZeroPage
Command: "/home/runner/work/nixie/nixie/build/compiler_tests" "--gtest_filter=CodegenTestBase.VariableNode_ZeroPage" "--gtest_also_run_disabled_tests"
Directory: /home/runner/work/nixie/nixie/build
"CodegenTestBase.VariableNode_ZeroPage" start time: Mar 04 04:21 UTC
Output:
----------------------------------------------------------
Running main() from /home/runner/work/nixie/nixie/build/_deps/googletest-src/googletest/src/gtest_main.cc
Note: Google Test filter = CodegenTestBase.VariableNode_ZeroPage
[==========] Running 1 test from 1 test suite.
[----------] Global test environment set-up.
[----------] 1 test from CodegenTestBase
[ RUN      ] CodegenTestBase.VariableNode_ZeroPage
[       OK ] CodegenTestBase.VariableNode_ZeroPage (0 ms)
[----------] 1 test from CodegenTestBase (0 ms total)

[----------] Global test environment tear-down
[==========] 1 test from 1 test suite ran. (0 ms total)
[  PASSED  ] 1 test.
<end of output>
Test time =   0.00 sec
----------------------------------------------------------
Test Passed.
"CodegenTestBase.VariableNode_ZeroPage" end time: Mar 04 04:21 UTC
"CodegenTestBase.VariableNode_ZeroPage" time elapsed: 00:00:00
----------------------------------------------------------

40/210 Testing: CodegenTestBase.VariableNode_16BitGlobal
40/210 Test: CodegenTestBase.VariableNode_16BitGlobal
Command: "/home/runner/work/nixie/nixie/build/compiler_tests" "--gtest_filter=CodegenTestBase.VariableNode_16BitGlobal" "--gtest_also_run_disabled_tests"
Directory: /home/runner/work/nixie/nixie/build
"CodegenTestBase.VariableNode_16BitGlobal" start time: Mar 04 04:21 UTC
Output:
----------------------------------------------------------
Running main() from /home/runner/work/nixie/nixie/build/_deps/googletest-src/googletest/src/gtest_main.cc
Note: Google Test filter = CodegenTestBase.VariableNode_16BitGlobal
[==========] Running 1 test from 1 test suite.
[----------] Global test environment set-up.
[----------] 1 test from CodegenTestBase
[ RUN      ] CodegenTestBase.VariableNode_16BitGlobal
[       OK ] CodegenTestBase.VariableNode_16BitGlobal (0 ms)
[----------] 1 test from CodegenTestBase (0 ms total)

[----------] Global test environment tear-down
[==========] 1 test from 1 test suite ran. (0 ms total)
[  PASSED  ] 1 test.
<end of output>
Test time =   0.00 sec
----------------------------------------------------------
Test Passed.
"CodegenTestBase.VariableNode_16BitGlobal" end time: Mar 04 04:21 UTC
"CodegenTestBase.VariableNode_16BitGlobal" time elapsed: 00:00:00
----------------------------------------------------------

41/210 Testing: CodegenTestBase.VariableNode_DuplicateDeclarationThrows
41/210 Test: CodegenTestBase.VariableNode_DuplicateDeclarationThrows
Command: "/home/runner/work/nixie/nixie/build/compiler_tests" "--gtest_filter=CodegenTestBase.VariableNode_DuplicateDeclarationThrows" "--gtest_also_run_disabled_tests"
Directory: /home/runner/work/nixie/nixie/build
"CodegenTestBase.VariableNode_DuplicateDeclarationThrows" start time: Mar 04 04:21 UTC
Output:
----------------------------------------------------------
Running main() from /home/runner/work/nixie/nixie/build/_deps/googletest-src/googletest/src/gtest_main.cc
Note: Google Test filter = CodegenTestBase.VariableNode_DuplicateDeclarationThrows
[==========] Running 1 test from 1 test suite.
[----------] Global test environment set-up.
[----------] 1 test from CodegenTestBase
[ RUN      ] CodegenTestBase.VariableNode_DuplicateDeclarationThrows
[       OK ] CodegenTestBase.VariableNode_DuplicateDeclarationThrows (0 ms)
[----------] 1 test from CodegenTestBase (0 ms total)

[----------] Global test environment tear-down
[==========] 1 test from 1 test suite ran. (0 ms total)
[  PASSED  ] 1 test.
<end of output>
Test time =   0.00 sec
----------------------------------------------------------
Test Passed.
"CodegenTestBase.VariableNode_DuplicateDeclarationThrows" end time: Mar 04 04:21 UTC
"CodegenTestBase.VariableNode_DuplicateDeclarationThrows" time elapsed: 00:00:00
----------------------------------------------------------

42/210 Testing: CodegenTestBase.ReferenceNode_LoadGlobalVariable
42/210 Test: CodegenTestBase.ReferenceNode_LoadGlobalVariable
Command: "/home/runner/work/nixie/nixie/build/compiler_tests" "--gtest_filter=CodegenTestBase.ReferenceNode_LoadGlobalVariable" "--gtest_also_run_disabled_tests"
Directory: /home/runner/work/nixie/nixie/build
"CodegenTestBase.ReferenceNode_LoadGlobalVariable" start time: Mar 04 04:21 UTC
Output:
----------------------------------------------------------
Running main() from /home/runner/work/nixie/nixie/build/_deps/googletest-src/googletest/src/gtest_main.cc
Note: Google Test filter = CodegenTestBase.ReferenceNode_LoadGlobalVariable
[==========] Running 1 test from 1 test suite.
[----------] Global test environment set-up.
[----------] 1 test from CodegenTestBase
[ RUN      ] CodegenTestBase.ReferenceNode_LoadGlobalVariable
[       OK ] CodegenTestBase.ReferenceNode_LoadGlobalVariable (0 ms)
[----------] 1 test from CodegenTestBase (0 ms total)

[----------] Global test environment tear-down
[==========] 1 test from 1 test suite ran. (0 ms total)
[  PASSED  ] 1 test.
<end of output>
Test time =   0.00 sec
----------------------------------------------------------
Test Passed.
"CodegenTestBase.ReferenceNode_LoadGlobalVariable" end time: Mar 04 04:21 UTC
"CodegenTestBase.ReferenceNode_LoadGlobalVariable" time elapsed: 00:00:00
----------------------------------------------------------

43/210 Testing: CodegenTestBase.ReferenceNode_LoadZeroPageVariable
43/210 Test: CodegenTestBase.ReferenceNode_LoadZeroPageVariable
Command: "/home/runner/work/nixie/nixie/build/compiler_tests" "--gtest_filter=CodegenTestBase.ReferenceNode_LoadZeroPageVariable" "--gtest_also_run_disabled_tests"
Directory: /home/runner/work/nixie/nixie/build
"CodegenTestBase.ReferenceNode_LoadZeroPageVariable" start time: Mar 04 04:21 UTC
Output:
----------------------------------------------------------
Running main() from /home/runner/work/nixie/nixie/build/_deps/googletest-src/googletest/src/gtest_main.cc
Note: Google Test filter = CodegenTestBase.ReferenceNode_LoadZeroPageVariable
[==========] Running 1 test from 1 test suite.
[----------] Global test environment set-up.
[----------] 1 test from CodegenTestBase
[ RUN      ] CodegenTestBase.ReferenceNode_LoadZeroPageVariable
[       OK ] CodegenTestBase.ReferenceNode_LoadZeroPageVariable (0 ms)
[----------] 1 test from CodegenTestBase (0 ms total)

[----------] Global test environment tear-down
[==========] 1 test from 1 test suite ran. (0 ms total)
[  PASSED  ] 1 test.
<end of output>
Test time =   0.00 sec
----------------------------------------------------------
Test Passed.
"CodegenTestBase.ReferenceNode_LoadZeroPageVariable" end time: Mar 04 04:21 UTC
"CodegenTestBase.ReferenceNode_LoadZeroPageVariable" time elapsed: 00:00:00
----------------------------------------------------------

44/210 Testing: CodegenTestBase.ReferenceNode_UndefinedVariableThrows
44/210 Test: CodegenTestBase.ReferenceNode_UndefinedVariableThrows
Command: "/home/runner/work/nixie/nixie/build/compiler_tests" "--gtest_filter=CodegenTestBase.ReferenceNode_UndefinedVariableThrows" "--gtest_also_run_disabled_tests"
Directory: /home/runner/work/nixie/nixie/build
"CodegenTestBase.ReferenceNode_UndefinedVariableThrows" start time: Mar 04 04:21 UTC
Output:
----------------------------------------------------------
Running main() from /home/runner/work/nixie/nixie/build/_deps/googletest-src/googletest/src/gtest_main.cc
Note: Google Test filter = CodegenTestBase.ReferenceNode_UndefinedVariableThrows
[==========] Running 1 test from 1 test suite.
[----------] Global test environment set-up.
[----------] 1 test from CodegenTestBase
[ RUN      ] CodegenTestBase.ReferenceNode_UndefinedVariableThrows
[       OK ] CodegenTestBase.ReferenceNode_UndefinedVariableThrows (0 ms)
[----------] 1 test from CodegenTestBase (0 ms total)

[----------] Global test environment tear-down
[==========] 1 test from 1 test suite ran. (0 ms total)
[  PASSED  ] 1 test.
<end of output>
Test time =   0.00 sec
----------------------------------------------------------
Test Passed.
"CodegenTestBase.ReferenceNode_UndefinedVariableThrows" end time: Mar 04 04:21 UTC
"CodegenTestBase.ReferenceNode_UndefinedVariableThrows" time elapsed: 00:00:00
----------------------------------------------------------

45/210 Testing: CodegenTestBase.AssignmentNode_AssignToGlobalVariable
45/210 Test: CodegenTestBase.AssignmentNode_AssignToGlobalVariable
Command: "/home/runner/work/nixie/nixie/build/compiler_tests" "--gtest_filter=CodegenTestBase.AssignmentNode_AssignToGlobalVariable" "--gtest_also_run_disabled_tests"
Directory: /home/runner/work/nixie/nixie/build
"CodegenTestBase.AssignmentNode_AssignToGlobalVariable" start time: Mar 04 04:21 UTC
Output:
----------------------------------------------------------
Running main() from /home/runner/work/nixie/nixie/build/_deps/googletest-src/googletest/src/gtest_main.cc
Note: Google Test filter = CodegenTestBase.AssignmentNode_AssignToGlobalVariable
[==========] Running 1 test from 1 test suite.
[----------] Global test environment set-up.
[----------] 1 test from CodegenTestBase
[ RUN      ] CodegenTestBase.AssignmentNode_AssignToGlobalVariable
[       OK ] CodegenTestBase.AssignmentNode_AssignToGlobalVariable (0 ms)
[----------] 1 test from CodegenTestBase (0 ms total)

[----------] Global test environment tear-down
[==========] 1 test from 1 test suite ran. (0 ms total)
[  PASSED  ] 1 test.
<end of output>
Test time =   0.00 sec
----------------------------------------------------------
Test Passed.
"CodegenTestBase.AssignmentNode_AssignToGlobalVariable" end time: Mar 04 04:21 UTC
"CodegenTestBase.AssignmentNode_AssignToGlobalVariable" time elapsed: 00:00:00
----------------------------------------------------------

46/210 Testing: CodegenTestBase.AssignmentNode_AssignToZeroPageVariable
46/210 Test: CodegenTestBase.AssignmentNode_AssignToZeroPageVariable
Command: "/home/runner/work/nixie/nixie/build/compiler_tests" "--gtest_filter=CodegenTestBase.AssignmentNode_AssignToZeroPageVariable" "--gtest_also_run_disabled_tests"
Directory: /home/runner/work/nixie/nixie/build
"CodegenTestBase.AssignmentNode_AssignToZeroPageVariable" start time: Mar 04 04:21 UTC
Output:
----------------------------------------------------------
Running main() from /home/runner/work/nixie/nixie/build/_deps/googletest-src/googletest/src/gtest_main.cc
Note: Google Test filter = CodegenTestBase.AssignmentNode_AssignToZeroPageVariable
[==========] Running 1 test from 1 test suite.
[----------] Global test environment set-up.
[----------] 1 test from CodegenTestBase
[ RUN      ] CodegenTestBase.AssignmentNode_AssignToZeroPageVariable
[       OK ] CodegenTestBase.AssignmentNode_AssignToZeroPageVariable (0 ms)
[----------] 1 test from CodegenTestBase (0 ms total)

[----------] Global test environment tear-down
[==========] 1 test from 1 test suite ran. (0 ms total)
[  PASSED  ] 1 test.
<end of output>
Test time =   0.00 sec
----------------------------------------------------------
Test Passed.
"CodegenTestBase.AssignmentNode_AssignToZeroPageVariable" end time: Mar 04 04:21 UTC
"CodegenTestBase.AssignmentNode_AssignToZeroPageVariable" time elapsed: 00:00:00
----------------------------------------------------------

47/210 Testing: CodegenTestBase.AssignmentNode_UndefinedVariableThrows
47/210 Test: CodegenTestBase.AssignmentNode_UndefinedVariableThrows
Command: "/home/runner/work/nixie/nixie/build/compiler_tests" "--gtest_filter=CodegenTestBase.AssignmentNode_UndefinedVariableThrows" "--gtest_also_run_disabled_tests"
Directory: /home/runner/work/nixie/nixie/build
"CodegenTestBase.AssignmentNode_UndefinedVariableThrows" start time: Mar 04 04:21 UTC
Output:
----------------------------------------------------------
Running main() from /home/runner/work/nixie/nixie/build/_deps/googletest-src/googletest/src/gtest_main.cc
Note: Google Test filter = CodegenTestBase.AssignmentNode_UndefinedVariableThrows
[==========] Running 1 test from 1 test suite.
[----------] Global test environment set-up.
[----------] 1 test from CodegenTestBase
[ RUN      ] CodegenTestBase.AssignmentNode_UndefinedVariableThrows
[       OK ] CodegenTestBase.AssignmentNode_UndefinedVariableThrows (0 ms)
[----------] 1 test from CodegenTestBase (0 ms total)

[----------] Global test environment tear-down
[==========] 1 test from 1 test suite ran. (0 ms total)
[  PASSED  ] 1 test.
<end of output>
Test time =   0.00 sec
----------------------------------------------------------
Test Passed.
"CodegenTestBase.AssignmentNode_UndefinedVariableThrows" end time: Mar 04 04:21 UTC
"CodegenTestBase.AssignmentNode_UndefinedVariableThrows" time elapsed: 00:00:00
----------------------------------------------------------

48/210 Testing: CodegenTestBase.BinaryOperation_Addition8Bit
48/210 Test: CodegenTestBase.BinaryOperation_Addition8Bit
Command: "/home/runner/work/nixie/nixie/build/compiler_tests" "--gtest_filter=CodegenTestBase.BinaryOperation_Addition8Bit" "--gtest_also_run_disabled_tests"
Directory: /home/runner/work/nixie/nixie/build
"CodegenTestBase.BinaryOperation_Addition8Bit" start time: Mar 04 04:21 UTC
Output:
----------------------------------------------------------
Running main() from /home/runner/work/nixie/nixie/build/_deps/googletest-src/googletest/src/gtest_main.cc
Note: Google Test filter = CodegenTestBase.BinaryOperation_Addition8Bit
[==========] Running 1 test from 1 test suite.
[----------] Global test environment set-up.
[----------] 1 test from CodegenTestBase
[ RUN      ] CodegenTestBase.BinaryOperation_Addition8Bit
[       OK ] CodegenTestBase.BinaryOperation_Addition8Bit (0 ms)
[----------] 1 test from CodegenTestBase (0 ms total)

[----------] Global test environment tear-down
[==========] 1 test from 1 test suite ran. (0 ms total)
[  PASSED  ] 1 test.
<end of output>
Test time =   0.00 sec
----------------------------------------------------------
Test Passed.
"CodegenTestBase.BinaryOperation_Addition8Bit" end time: Mar 04 04:21 UTC
"CodegenTestBase.BinaryOperation_Addition8Bit" time elapsed: 00:00:00
----------------------------------------------------------

49/210 Testing: CodegenTestBase.BinaryOperation_Subtraction8Bit
49/210 Test: CodegenTestBase.BinaryOperation_Subtraction8Bit
Command: "/home/runner/work/nixie/nixie/build/compiler_tests" "--gtest_filter=CodegenTestBase.BinaryOperation_Subtraction8Bit" "--gtest_also_run_disabled_tests"
Directory: /home/runner/work/nixie/nixie/build
"CodegenTestBase.BinaryOperation_Subtraction8Bit" start time: Mar 04 04:21 UTC
Output:
----------------------------------------------------------
Running main() from /home/runner/work/nixie/nixie/build/_deps/googletest-src/googletest/src/gtest_main.cc
Note: Google Test filter = CodegenTestBase.BinaryOperation_Subtraction8Bit
[==========] Running 1 test from 1 test suite.
[----------] Global test environment set-up.
[----------] 1 test from CodegenTestBase
[ RUN      ] CodegenTestBase.BinaryOperation_Subtraction8Bit
[       OK ] CodegenTestBase.BinaryOperation_Subtraction8Bit (0 ms)
[----------] 1 test from CodegenTestBase (0 ms total)

[----------] Global test environment tear-down
[==========] 1 test from 1 test suite ran. (0 ms total)
[  PASSED  ] 1 test.
<end of output>
Test time =   0.00 sec
----------------------------------------------------------
Test Passed.
"CodegenTestBase.BinaryOperation_Subtraction8Bit" end time: Mar 04 04:21 UTC
"CodegenTestBase.BinaryOperation_Subtraction8Bit" time elapsed: 00:00:00
----------------------------------------------------------

50/210 Testing: CodegenTestBase.BinaryOperation_16BitAddition
50/210 Test: CodegenTestBase.BinaryOperation_16BitAddition
Command: "/home/runner/work/nixie/nixie/build/compiler_tests" "--gtest_filter=CodegenTestBase.BinaryOperation_16BitAddition" "--gtest_also_run_disabled_tests"
Directory: /home/runner/work/nixie/nixie/build
"CodegenTestBase.BinaryOperation_16BitAddition" start time: Mar 04 04:21 UTC
Output:
----------------------------------------------------------
Running main() from /home/runner/work/nixie/nixie/build/_deps/googletest-src/googletest/src/gtest_main.cc
Note: Google Test filter = CodegenTestBase.BinaryOperation_16BitAddition
[==========] Running 1 test from 1 test suite.
[----------] Global test environment set-up.
[----------] 1 test from CodegenTestBase
[ RUN      ] CodegenTestBase.BinaryOperation_16BitAddition
[       OK ] CodegenTestBase.BinaryOperation_16BitAddition (0 ms)
[----------] 1 test from CodegenTestBase (0 ms total)

[----------] Global test environment tear-down
[==========] 1 test from 1 test suite ran. (0 ms total)
[  PASSED  ] 1 test.
<end of output>
Test time =   0.00 sec
----------------------------------------------------------
Test Passed.
"CodegenTestBase.BinaryOperation_16BitAddition" end time: Mar 04 04:21 UTC
"CodegenTestBase.BinaryOperation_16BitAddition" time elapsed: 00:00:00
----------------------------------------------------------

51/210 Testing: CodegenTestBase.BinaryOperation_StackManipulation
51/210 Test: CodegenTestBase.BinaryOperation_StackManipulation
Command: "/home/runner/work/nixie/nixie/build/compiler_tests" "--gtest_filter=CodegenTestBase.BinaryOperation_StackManipulation" "--gtest_also_run_disabled_tests"
Directory: /home/runner/work/nixie/nixie/build
"CodegenTestBase.BinaryOperation_StackManipulation" start time: Mar 04 04:21 UTC
Output:
----------------------------------------------------------
Running main() from /home/runner/work/nixie/nixie/build/_deps/googletest-src/googletest/src/gtest_main.cc
Note: Google Test filter = CodegenTestBase.BinaryOperation_StackManipulation
[==========] Running 1 test from 1 test suite.
[----------] Global test environment set-up.
[----------] 1 test from CodegenTestBase
[ RUN      ] CodegenTestBase.BinaryOperation_StackManipulation
[       OK ] CodegenTestBase.BinaryOperation_StackManipulation (0 ms)
[----------] 1 test from CodegenTestBase (0 ms total)

[----------] Global test environment tear-down
[==========] 1 test from 1 test suite ran. (0 ms total)
[  PASSED  ] 1 test.
<end of output>
Test time =   0.00 sec
----------------------------------------------------------
Test Passed.
"CodegenTestBase.BinaryOperation_StackManipulation" end time: Mar 04 04:21 UTC
"CodegenTestBase.BinaryOperation_StackManipulation" time elapsed: 00:00:00
----------------------------------------------------------

52/210 Testing: CodegenTestBase.UnaryNode_NotOperation
52/210 Test: CodegenTestBase.UnaryNode_NotOperation
Command: "/home/runner/work/nixie/nixie/build/compiler_tests" "--gtest_filter=CodegenTestBase.UnaryNode_NotOperation" "--gtest_also_run_disabled_tests"
Directory: /home/runner/work/nixie/nixie/build
"CodegenTestBase.UnaryNode_NotOperation" start time: Mar 04 04:21 UTC
Output:
----------------------------------------------------------
Running main() from /home/runner/work/nixie/nixie/build/_deps/googletest-src/googletest/src/gtest_main.cc
Note: Google Test filter = CodegenTestBase.UnaryNode_NotOperation
[==========] Running 1 test from 1 test suite.
[----------] Global test environment set-up.
[----------] 1 test from CodegenTestBase
[ RUN      ] CodegenTestBase.UnaryNode_NotOperation
[       OK ] CodegenTestBase.UnaryNode_NotOperation (0 ms)
[----------] 1 test from CodegenTestBase (0 ms total)

[----------] Global test environment tear-down
[==========] 1 test from 1 test suite ran. (0 ms total)
[  PASSED  ] 1 test.
<end of output>
Test time =   0.00 sec
----------------------------------------------------------
Test Passed.
"CodegenTestBase.UnaryNode_NotOperation" end time: Mar 04 04:21 UTC
"CodegenTestBase.UnaryNode_NotOperation" time elapsed: 00:00:00
----------------------------------------------------------

53/210 Testing: CodegenTestBase.UnaryNode_NegateOperation
53/210 Test: CodegenTestBase.UnaryNode_NegateOperation
Command: "/home/runner/work/nixie/nixie/build/compiler_tests" "--gtest_filter=CodegenTestBase.UnaryNode_NegateOperation" "--gtest_also_run_disabled_tests"
Directory: /home/runner/work/nixie/nixie/build
"CodegenTestBase.UnaryNode_NegateOperation" start time: Mar 04 04:21 UTC
Output:
----------------------------------------------------------
Running main() from /home/runner/work/nixie/nixie/build/_deps/googletest-src/googletest/src/gtest_main.cc
Note: Google Test filter = CodegenTestBase.UnaryNode_NegateOperation
[==========] Running 1 test from 1 test suite.
[----------] Global test environment set-up.
[----------] 1 test from CodegenTestBase
[ RUN      ] CodegenTestBase.UnaryNode_NegateOperation
[       OK ] CodegenTestBase.UnaryNode_NegateOperation (0 ms)
[----------] 1 test from CodegenTestBase (0 ms total)

[----------] Global test environment tear-down
[==========] 1 test from 1 test suite ran. (0 ms total)
[  PASSED  ] 1 test.
<end of output>
Test time =   0.00 sec
----------------------------------------------------------
Test Passed.
"CodegenTestBase.UnaryNode_NegateOperation" end time: Mar 04 04:21 UTC
"CodegenTestBase.UnaryNode_NegateOperation" time elapsed: 00:00:00
----------------------------------------------------------

54/210 Testing: CodegenTestBase.UnaryNode_ReferenceGlobalVariable
54/210 Test: CodegenTestBase.UnaryNode_ReferenceGlobalVariable
Command: "/home/runner/work/nixie/nixie/build/compiler_tests" "--gtest_filter=CodegenTestBase.UnaryNode_ReferenceGlobalVariable" "--gtest_also_run_disabled_tests"
Directory: /home/runner/work/nixie/nixie/build
"CodegenTestBase.UnaryNode_ReferenceGlobalVariable" start time: Mar 04 04:21 UTC
Output:
----------------------------------------------------------
Running main() from /home/runner/work/nixie/nixie/build/_deps/googletest-src/googletest/src/gtest_main.cc
Note: Google Test filter = CodegenTestBase.UnaryNode_ReferenceGlobalVariable
[==========] Running 1 test from 1 test suite.
[----------] Global test environment set-up.
[----------] 1 test from CodegenTestBase
[ RUN      ] CodegenTestBase.UnaryNode_ReferenceGlobalVariable
[       OK ] CodegenTestBase.UnaryNode_ReferenceGlobalVariable (0 ms)
[----------] 1 test from CodegenTestBase (0 ms total)

[----------] Global test environment tear-down
[==========] 1 test from 1 test suite ran. (0 ms total)
[  PASSED  ] 1 test.
<end of output>
Test time =   0.00 sec
----------------------------------------------------------
Test Passed.
"CodegenTestBase.UnaryNode_ReferenceGlobalVariable" end time: Mar 04 04:21 UTC
"CodegenTestBase.UnaryNode_ReferenceGlobalVariable" time elapsed: 00:00:00
----------------------------------------------------------

55/210 Testing: CodegenTestBase.UnaryNode_ReferenceZeroPageVariable
55/210 Test: CodegenTestBase.UnaryNode_ReferenceZeroPageVariable
Command: "/home/runner/work/nixie/nixie/build/compiler_tests" "--gtest_filter=CodegenTestBase.UnaryNode_ReferenceZeroPageVariable" "--gtest_also_run_disabled_tests"
Directory: /home/runner/work/nixie/nixie/build
"CodegenTestBase.UnaryNode_ReferenceZeroPageVariable" start time: Mar 04 04:21 UTC
Output:
----------------------------------------------------------
Running main() from /home/runner/work/nixie/nixie/build/_deps/googletest-src/googletest/src/gtest_main.cc
Note: Google Test filter = CodegenTestBase.UnaryNode_ReferenceZeroPageVariable
[==========] Running 1 test from 1 test suite.
[----------] Global test environment set-up.
[----------] 1 test from CodegenTestBase
[ RUN      ] CodegenTestBase.UnaryNode_ReferenceZeroPageVariable
[       OK ] CodegenTestBase.UnaryNode_ReferenceZeroPageVariable (0 ms)
[----------] 1 test from CodegenTestBase (0 ms total)

[----------] Global test environment tear-down
[==========] 1 test from 1 test suite ran. (0 ms total)
[  PASSED  ] 1 test.
<end of output>
Test time =   0.00 sec
----------------------------------------------------------
Test Passed.
"CodegenTestBase.UnaryNode_ReferenceZeroPageVariable" end time: Mar 04 04:21 UTC
"CodegenTestBase.UnaryNode_ReferenceZeroPageVariable" time elapsed: 00:00:00
----------------------------------------------------------

56/210 Testing: CodegenTestBase.UnaryNode_DereferencePointer
56/210 Test: CodegenTestBase.UnaryNode_DereferencePointer
Command: "/home/runner/work/nixie/nixie/build/compiler_tests" "--gtest_filter=CodegenTestBase.UnaryNode_DereferencePointer" "--gtest_also_run_disabled_tests"
Directory: /home/runner/work/nixie/nixie/build
"CodegenTestBase.UnaryNode_DereferencePointer" start time: Mar 04 04:21 UTC
Output:
----------------------------------------------------------
Running main() from /home/runner/work/nixie/nixie/build/_deps/googletest-src/googletest/src/gtest_main.cc
Note: Google Test filter = CodegenTestBase.UnaryNode_DereferencePointer
[==========] Running 1 test from 1 test suite.
[----------] Global test environment set-up.
[----------] 1 test from CodegenTestBase
[ RUN      ] CodegenTestBase.UnaryNode_DereferencePointer
[       OK ] CodegenTestBase.UnaryNode_DereferencePointer (0 ms)
[----------] 1 test from CodegenTestBase (0 ms total)

[----------] Global test environment tear-down
[==========] 1 test from 1 test suite ran. (0 ms total)
[  PASSED  ] 1 test.
<end of output>
Test time =   0.00 sec
----------------------------------------------------------
Test Passed.
"CodegenTestBase.UnaryNode_DereferencePointer" end time: Mar 04 04:21 UTC
"CodegenTestBase.UnaryNode_DereferencePointer" time elapsed: 00:00:00
----------------------------------------------------------

57/210 Testing: CodegenTestBase.PointerAssignment_DereferenceStore
57/210 Test: CodegenTestBase.PointerAssignment_DereferenceStore
Command: "/home/runner/work/nixie/nixie/build/compiler_tests" "--gtest_filter=CodegenTestBase.PointerAssignment_DereferenceStore" "--gtest_also_run_disabled_tests"
Directory: /home/runner/work/nixie/nixie/build
"CodegenTestBase.PointerAssignment_DereferenceStore" start time: Mar 04 04:21 UTC
Output:
----------------------------------------------------------
Running main() from /home/runner/work/nixie/nixie/build/_deps/googletest-src/googletest/src/gtest_main.cc
Note: Google Test filter = CodegenTestBase.PointerAssignment_DereferenceStore
[==========] Running 1 test from 1 test suite.
[----------] Global test environment set-up.
[----------] 1 test from CodegenTestBase
[ RUN      ] CodegenTestBase.PointerAssignment_DereferenceStore
[       OK ] CodegenTestBase.PointerAssignment_DereferenceStore (0 ms)
[----------] 1 test from CodegenTestBase (0 ms total)

[----------] Global test environment tear-down
[==========] 1 test from 1 test suite ran. (0 ms total)
[  PASSED  ] 1 test.
<end of output>
Test time =   0.00 sec
----------------------------------------------------------
Test Passed.
"CodegenTestBase.PointerAssignment_DereferenceStore" end time: Mar 04 04:21 UTC
"CodegenTestBase.PointerAssignment_DereferenceStore" time elapsed: 00:00:00
----------------------------------------------------------

58/210 Testing: CodegenTestBase.PointerArithmetic_LoadThroughPointer
58/210 Test: CodegenTestBase.PointerArithmetic_LoadThroughPointer
Command: "/home/runner/work/nixie/nixie/build/compiler_tests" "--gtest_filter=CodegenTestBase.PointerArithmetic_LoadThroughPointer" "--gtest_also_run_disabled_tests"
Directory: /home/runner/work/nixie/nixie/build
"CodegenTestBase.PointerArithmetic_LoadThroughPointer" start time: Mar 04 04:21 UTC
Output:
----------------------------------------------------------
Running main() from /home/runner/work/nixie/nixie/build/_deps/googletest-src/googletest/src/gtest_main.cc
Note: Google Test filter = CodegenTestBase.PointerArithmetic_LoadThroughPointer
[==========] Running 1 test from 1 test suite.
[----------] Global test environment set-up.
[----------] 1 test from CodegenTestBase
[ RUN      ] CodegenTestBase.PointerArithmetic_LoadThroughPointer
[       OK ] CodegenTestBase.PointerArithmetic_LoadThroughPointer (0 ms)
[----------] 1 test from CodegenTestBase (0 ms total)

[----------] Global test environment tear-down
[==========] 1 test from 1 test suite ran. (0 ms total)
[  PASSED  ] 1 test.
<end of output>
Test time =   0.00 sec
----------------------------------------------------------
Test Passed.
"CodegenTestBase.PointerArithmetic_LoadThroughPointer" end time: Mar 04 04:21 UTC
"CodegenTestBase.PointerArithmetic_LoadThroughPointer" time elapsed: 00:00:00
----------------------------------------------------------

59/210 Testing: CodegenTestBase.ComparisonNode_Equals
59/210 Test: CodegenTestBase.ComparisonNode_Equals
Command: "/home/runner/work/nixie/nixie/build/compiler_tests" "--gtest_filter=CodegenTestBase.ComparisonNode_Equals" "--gtest_also_run_disabled_tests"
Directory: /home/runner/work/nixie/nixie/build
"CodegenTestBase.ComparisonNode_Equals" start time: Mar 04 04:21 UTC
Output:
----------------------------------------------------------
Running main() from /home/runner/work/nixie/nixie/build/_deps/googletest-src/googletest/src/gtest_main.cc
Note: Google Test filter = CodegenTestBase.ComparisonNode_Equals
[==========] Running 1 test from 1 test suite.
[----------] Global test environment set-up.
[----------] 1 test from CodegenTestBase
[ RUN      ] CodegenTestBase.ComparisonNode_Equals
[       OK ] CodegenTestBase.ComparisonNode_Equals (0 ms)
[----------] 1 test from CodegenTestBase (0 ms total)

[----------] Global test environment tear-down
[==========] 1 test from 1 test suite ran. (0 ms total)
[  PASSED  ] 1 test.
<end of output>
Test time =   0.00 sec
----------------------------------------------------------
Test Passed.
"CodegenTestBase.ComparisonNode_Equals" end time: Mar 04 04:21 UTC
"CodegenTestBase.ComparisonNode_Equals" time elapsed: 00:00:00
----------------------------------------------------------

[...]
[  PASSED  ] 1 test.
<end of output>
Test time =   0.00 sec
----------------------------------------------------------
Test Passed.
"LinkerTest.WordRelocationApplied" end time: Mar 04 04:21 UTC
"LinkerTest.WordRelocationApplied" time elapsed: 00:00:00
----------------------------------------------------------

196/210 Testing: LinkerTest.LowByteRelocationApplied
196/210 Test: LinkerTest.LowByteRelocationApplied
Command: "/home/runner/work/nixie/nixie/build/linker_tests" "--gtest_filter=LinkerTest.LowByteRelocationApplied" "--gtest_also_run_disabled_tests"
Directory: /home/runner/work/nixie/nixie/build
"LinkerTest.LowByteRelocationApplied" start time: Mar 04 04:21 UTC
Output:
----------------------------------------------------------
Running main() from /home/runner/work/nixie/nixie/build/_deps/googletest-src/googletest/src/gtest_main.cc
Note: Google Test filter = LinkerTest.LowByteRelocationApplied
[==========] Running 1 test from 1 test suite.
[----------] Global test environment set-up.
[----------] 1 test from LinkerTest
[ RUN      ] LinkerTest.LowByteRelocationApplied
[       OK ] LinkerTest.LowByteRelocationApplied (0 ms)
[----------] 1 test from LinkerTest (0 ms total)

[----------] Global test environment tear-down
[==========] 1 test from 1 test suite ran. (0 ms total)
[  PASSED  ] 1 test.
<end of output>
Test time =   0.00 sec
----------------------------------------------------------
Test Passed.
"LinkerTest.LowByteRelocationApplied" end time: Mar 04 04:21 UTC
"LinkerTest.LowByteRelocationApplied" time elapsed: 00:00:00
----------------------------------------------------------

197/210 Testing: LinkerTest.HighByteRelocationApplied
197/210 Test: LinkerTest.HighByteRelocationApplied
Command: "/home/runner/work/nixie/nixie/build/linker_tests" "--gtest_filter=LinkerTest.HighByteRelocationApplied" "--gtest_also_run_disabled_tests"
Directory: /home/runner/work/nixie/nixie/build
"LinkerTest.HighByteRelocationApplied" start time: Mar 04 04:21 UTC
Output:
----------------------------------------------------------
Running main() from /home/runner/work/nixie/nixie/build/_deps/googletest-src/googletest/src/gtest_main.cc
Note: Google Test filter = LinkerTest.HighByteRelocationApplied
[==========] Running 1 test from 1 test suite.
[----------] Global test environment set-up.
[----------] 1 test from LinkerTest
[ RUN      ] LinkerTest.HighByteRelocationApplied
[       OK ] LinkerTest.HighByteRelocationApplied (0 ms)
[----------] 1 test from LinkerTest (0 ms total)

[----------] Global test environment tear-down
[==========] 1 test from 1 test suite ran. (0 ms total)
[  PASSED  ] 1 test.
<end of output>
Test time =   0.00 sec
----------------------------------------------------------
Test Passed.
"LinkerTest.HighByteRelocationApplied" end time: Mar 04 04:21 UTC
"LinkerTest.HighByteRelocationApplied" time elapsed: 00:00:00
----------------------------------------------------------

198/210 Testing: LinkerTest.UndefinedSymbolResolvedAcrossFiles
198/210 Test: LinkerTest.UndefinedSymbolResolvedAcrossFiles
Command: "/home/runner/work/nixie/nixie/build/linker_tests" "--gtest_filter=LinkerTest.UndefinedSymbolResolvedAcrossFiles" "--gtest_also_run_disabled_tests"
Directory: /home/runner/work/nixie/nixie/build
"LinkerTest.UndefinedSymbolResolvedAcrossFiles" start time: Mar 04 04:21 UTC
Output:
----------------------------------------------------------
Running main() from /home/runner/work/nixie/nixie/build/_deps/googletest-src/googletest/src/gtest_main.cc
Note: Google Test filter = LinkerTest.UndefinedSymbolResolvedAcrossFiles
[==========] Running 1 test from 1 test suite.
[----------] Global test environment set-up.
[----------] 1 test from LinkerTest
[ RUN      ] LinkerTest.UndefinedSymbolResolvedAcrossFiles
[       OK ] LinkerTest.UndefinedSymbolResolvedAcrossFiles (0 ms)
[----------] 1 test from LinkerTest (0 ms total)

[----------] Global test environment tear-down
[==========] 1 test from 1 test suite ran. (0 ms total)
[  PASSED  ] 1 test.
<end of output>
Test time =   0.00 sec
----------------------------------------------------------
Test Passed.
"LinkerTest.UndefinedSymbolResolvedAcrossFiles" end time: Mar 04 04:21 UTC
"LinkerTest.UndefinedSymbolResolvedAcrossFiles" time elapsed: 00:00:00
----------------------------------------------------------

199/210 Testing: LinkerTest.UnresolvedSymbolThrows
199/210 Test: LinkerTest.UnresolvedSymbolThrows
Command: "/home/runner/work/nixie/nixie/build/linker_tests" "--gtest_filter=LinkerTest.UnresolvedSymbolThrows" "--gtest_also_run_disabled_tests"
Directory: /home/runner/work/nixie/nixie/build
"LinkerTest.UnresolvedSymbolThrows" start time: Mar 04 04:21 UTC
Output:
----------------------------------------------------------
Running main() from /home/runner/work/nixie/nixie/build/_deps/googletest-src/googletest/src/gtest_main.cc
Note: Google Test filter = LinkerTest.UnresolvedSymbolThrows
[==========] Running 1 test from 1 test suite.
[----------] Global test environment set-up.
[----------] 1 test from LinkerTest
[ RUN      ] LinkerTest.UnresolvedSymbolThrows
[       OK ] LinkerTest.UnresolvedSymbolThrows (0 ms)
[----------] 1 test from LinkerTest (0 ms total)

[----------] Global test environment tear-down
[==========] 1 test from 1 test suite ran. (0 ms total)
[  PASSED  ] 1 test.
<end of output>
Test time =   0.00 sec
----------------------------------------------------------
Test Passed.
"LinkerTest.UnresolvedSymbolThrows" end time: Mar 04 04:21 UTC
"LinkerTest.UnresolvedSymbolThrows" time elapsed: 00:00:00
----------------------------------------------------------

200/210 Testing: LinkerTest.DuplicateSymbolThrows
200/210 Test: LinkerTest.DuplicateSymbolThrows
Command: "/home/runner/work/nixie/nixie/build/linker_tests" "--gtest_filter=LinkerTest.DuplicateSymbolThrows" "--gtest_also_run_disabled_tests"
Directory: /home/runner/work/nixie/nixie/build
"LinkerTest.DuplicateSymbolThrows" start time: Mar 04 04:21 UTC
Output:
----------------------------------------------------------
Running main() from /home/runner/work/nixie/nixie/build/_deps/googletest-src/googletest/src/gtest_main.cc
Note: Google Test filter = LinkerTest.DuplicateSymbolThrows
[==========] Running 1 test from 1 test suite.
[----------] Global test environment set-up.
[----------] 1 test from LinkerTest
[ RUN      ] LinkerTest.DuplicateSymbolThrows
[       OK ] LinkerTest.DuplicateSymbolThrows (0 ms)
[----------] 1 test from LinkerTest (0 ms total)

[----------] Global test environment tear-down
[==========] 1 test from 1 test suite ran. (0 ms total)
[  PASSED  ] 1 test.
<end of output>
Test time =   0.00 sec
----------------------------------------------------------
Test Passed.
"LinkerTest.DuplicateSymbolThrows" end time: Mar 04 04:21 UTC
"LinkerTest.DuplicateSymbolThrows" time elapsed: 00:00:00
----------------------------------------------------------

201/210 Testing: LinkerTest.InjectSymbolCreatesGlobal
201/210 Test: LinkerTest.InjectSymbolCreatesGlobal
Command: "/home/runner/work/nixie/nixie/build/linker_tests" "--gtest_filter=LinkerTest.InjectSymbolCreatesGlobal" "--gtest_also_run_disabled_tests"
Directory: /home/runner/work/nixie/nixie/build
"LinkerTest.InjectSymbolCreatesGlobal" start time: Mar 04 04:21 UTC
Output:
----------------------------------------------------------
Running main() from /home/runner/work/nixie/nixie/build/_deps/googletest-src/googletest/src/gtest_main.cc
Note: Google Test filter = LinkerTest.InjectSymbolCreatesGlobal
[==========] Running 1 test from 1 test suite.
[----------] Global test environment set-up.
[----------] 1 test from LinkerTest
[ RUN      ] LinkerTest.InjectSymbolCreatesGlobal
[       OK ] LinkerTest.InjectSymbolCreatesGlobal (0 ms)
[----------] 1 test from LinkerTest (0 ms total)

[----------] Global test environment tear-down
[==========] 1 test from 1 test suite ran. (0 ms total)
[  PASSED  ] 1 test.
<end of output>
Test time =   0.00 sec
----------------------------------------------------------
Test Passed.
"LinkerTest.InjectSymbolCreatesGlobal" end time: Mar 04 04:21 UTC
"LinkerTest.InjectSymbolCreatesGlobal" time elapsed: 00:00:00
----------------------------------------------------------

202/210 Testing: LinkerTest.GetPadding_ByteAlignment
202/210 Test: LinkerTest.GetPadding_ByteAlignment
Command: "/home/runner/work/nixie/nixie/build/linker_tests" "--gtest_filter=LinkerTest.GetPadding_ByteAlignment" "--gtest_also_run_disabled_tests"
Directory: /home/runner/work/nixie/nixie/build
"LinkerTest.GetPadding_ByteAlignment" start time: Mar 04 04:21 UTC
Output:
----------------------------------------------------------
Running main() from /home/runner/work/nixie/nixie/build/_deps/googletest-src/googletest/src/gtest_main.cc
Note: Google Test filter = LinkerTest.GetPadding_ByteAlignment
[==========] Running 1 test from 1 test suite.
[----------] Global test environment set-up.
[----------] 1 test from LinkerTest
[ RUN      ] LinkerTest.GetPadding_ByteAlignment
[       OK ] LinkerTest.GetPadding_ByteAlignment (0 ms)
[----------] 1 test from LinkerTest (0 ms total)

[----------] Global test environment tear-down
[==========] 1 test from 1 test suite ran. (0 ms total)
[  PASSED  ] 1 test.
<end of output>
Test time =   0.00 sec
----------------------------------------------------------
Test Passed.
"LinkerTest.GetPadding_ByteAlignment" end time: Mar 04 04:21 UTC
"LinkerTest.GetPadding_ByteAlignment" time elapsed: 00:00:00
----------------------------------------------------------

203/210 Testing: LinkerTest.GetPadding_WordAlignment
203/210 Test: LinkerTest.GetPadding_WordAlignment
Command: "/home/runner/work/nixie/nixie/build/linker_tests" "--gtest_filter=LinkerTest.GetPadding_WordAlignment" "--gtest_also_run_disabled_tests"
Directory: /home/runner/work/nixie/nixie/build
"LinkerTest.GetPadding_WordAlignment" start time: Mar 04 04:21 UTC
Output:
----------------------------------------------------------
Running main() from /home/runner/work/nixie/nixie/build/_deps/googletest-src/googletest/src/gtest_main.cc
Note: Google Test filter = LinkerTest.GetPadding_WordAlignment
[==========] Running 1 test from 1 test suite.
[----------] Global test environment set-up.
[----------] 1 test from LinkerTest
[ RUN      ] LinkerTest.GetPadding_WordAlignment
[       OK ] LinkerTest.GetPadding_WordAlignment (0 ms)
[----------] 1 test from LinkerTest (0 ms total)

[----------] Global test environment tear-down
[==========] 1 test from 1 test suite ran. (0 ms total)
[  PASSED  ] 1 test.
<end of output>
Test time =   0.00 sec
----------------------------------------------------------
Test Passed.
"LinkerTest.GetPadding_WordAlignment" end time: Mar 04 04:21 UTC
"LinkerTest.GetPadding_WordAlignment" time elapsed: 00:00:00
----------------------------------------------------------

204/210 Testing: LinkerTest.GetPadding_LongAlignment
204/210 Test: LinkerTest.GetPadding_LongAlignment
Command: "/home/runner/work/nixie/nixie/build/linker_tests" "--gtest_filter=LinkerTest.GetPadding_LongAlignment" "--gtest_also_run_disabled_tests"
Directory: /home/runner/work/nixie/nixie/build
"LinkerTest.GetPadding_LongAlignment" start time: Mar 04 04:21 UTC
Output:
----------------------------------------------------------
Running main() from /home/runner/work/nixie/nixie/build/_deps/googletest-src/googletest/src/gtest_main.cc
Note: Google Test filter = LinkerTest.GetPadding_LongAlignment
[==========] Running 1 test from 1 test suite.
[----------] Global test environment set-up.
[----------] 1 test from LinkerTest
[ RUN      ] LinkerTest.GetPadding_LongAlignment
[       OK ] LinkerTest.GetPadding_LongAlignment (0 ms)
[----------] 1 test from LinkerTest (0 ms total)

[----------] Global test environment tear-down
[==========] 1 test from 1 test suite ran. (0 ms total)
[  PASSED  ] 1 test.
<end of output>
Test time =   0.00 sec
----------------------------------------------------------
Test Passed.
"LinkerTest.GetPadding_LongAlignment" end time: Mar 04 04:21 UTC
"LinkerTest.GetPadding_LongAlignment" time elapsed: 00:00:00
----------------------------------------------------------

205/210 Testing: LinkerTest.GetPadding_BlockAlignment
205/210 Test: LinkerTest.GetPadding_BlockAlignment
Command: "/home/runner/work/nixie/nixie/build/linker_tests" "--gtest_filter=LinkerTest.GetPadding_BlockAlignment" "--gtest_also_run_disabled_tests"
Directory: /home/runner/work/nixie/nixie/build
"LinkerTest.GetPadding_BlockAlignment" start time: Mar 04 04:21 UTC
Output:
----------------------------------------------------------
Running main() from /home/runner/work/nixie/nixie/build/_deps/googletest-src/googletest/src/gtest_main.cc
Note: Google Test filter = LinkerTest.GetPadding_BlockAlignment
[==========] Running 1 test from 1 test suite.
[----------] Global test environment set-up.
[----------] 1 test from LinkerTest
[ RUN      ] LinkerTest.GetPadding_BlockAlignment
[       OK ] LinkerTest.GetPadding_BlockAlignment (0 ms)
[----------] 1 test from LinkerTest (0 ms total)

[----------] Global test environment tear-down
[==========] 1 test from 1 test suite ran. (0 ms total)
[  PASSED  ] 1 test.
<end of output>
Test time =   0.00 sec
----------------------------------------------------------
Test Passed.
"LinkerTest.GetPadding_BlockAlignment" end time: Mar 04 04:21 UTC
"LinkerTest.GetPadding_BlockAlignment" time elapsed: 00:00:00
----------------------------------------------------------

206/210 Testing: LinkerTest.FillFlagPrependsZeros
206/210 Test: LinkerTest.FillFlagPrependsZeros
Command: "/home/runner/work/nixie/nixie/build/linker_tests" "--gtest_filter=LinkerTest.FillFlagPrependsZeros" "--gtest_also_run_disabled_tests"
Directory: /home/runner/work/nixie/nixie/build
"LinkerTest.FillFlagPrependsZeros" start time: Mar 04 04:21 UTC
Output:
----------------------------------------------------------
Running main() from /home/runner/work/nixie/nixie/build/_deps/googletest-src/googletest/src/gtest_main.cc
Note: Google Test filter = LinkerTest.FillFlagPrependsZeros
[==========] Running 1 test from 1 test suite.
[----------] Global test environment set-up.
[----------] 1 test from LinkerTest
[ RUN      ] LinkerTest.FillFlagPrependsZeros
[       OK ] LinkerTest.FillFlagPrependsZeros (0 ms)
[----------] 1 test from LinkerTest (0 ms total)

[----------] Global test environment tear-down
[==========] 1 test from 1 test suite ran. (0 ms total)
[  PASSED  ] 1 test.
<end of output>
Test time =   0.00 sec
----------------------------------------------------------
Test Passed.
"LinkerTest.FillFlagPrependsZeros" end time: Mar 04 04:21 UTC
"LinkerTest.FillFlagPrependsZeros" time elapsed: 00:00:00
----------------------------------------------------------

207/210 Testing: LinkerTest.NoFillFlagCompactOutput
207/210 Test: LinkerTest.NoFillFlagCompactOutput
Command: "/home/runner/work/nixie/nixie/build/linker_tests" "--gtest_filter=LinkerTest.NoFillFlagCompactOutput" "--gtest_also_run_disabled_tests"
Directory: /home/runner/work/nixie/nixie/build
"LinkerTest.NoFillFlagCompactOutput" start time: Mar 04 04:21 UTC
Output:
----------------------------------------------------------
Running main() from /home/runner/work/nixie/nixie/build/_deps/googletest-src/googletest/src/gtest_main.cc
Note: Google Test filter = LinkerTest.NoFillFlagCompactOutput
[==========] Running 1 test from 1 test suite.
[----------] Global test environment set-up.
[----------] 1 test from LinkerTest
[ RUN      ] LinkerTest.NoFillFlagCompactOutput
[       OK ] LinkerTest.NoFillFlagCompactOutput (0 ms)
[----------] 1 test from LinkerTest (0 ms total)

[----------] Global test environment tear-down
[==========] 1 test from 1 test suite ran. (0 ms total)
[  PASSED  ] 1 test.
<end of output>
Test time =   0.00 sec
----------------------------------------------------------
Test Passed.
"LinkerTest.NoFillFlagCompactOutput" end time: Mar 04 04:21 UTC
"LinkerTest.NoFillFlagCompactOutput" time elapsed: 00:00:00
----------------------------------------------------------

208/210 Testing: LinkerTest.DataSegmentPlacedAfterText
208/210 Test: LinkerTest.DataSegmentPlacedAfterText
Command: "/home/runner/work/nixie/nixie/build/linker_tests" "--gtest_filter=LinkerTest.DataSegmentPlacedAfterText" "--gtest_also_run_disabled_tests"
Directory: /home/runner/work/nixie/nixie/build
"LinkerTest.DataSegmentPlacedAfterText" start time: Mar 04 04:21 UTC
Output:
----------------------------------------------------------
Running main() from /home/runner/work/nixie/nixie/build/_deps/googletest-src/googletest/src/gtest_main.cc
Note: Google Test filter = LinkerTest.DataSegmentPlacedAfterText
[==========] Running 1 test from 1 test suite.
[----------] Global test environment set-up.
[----------] 1 test from LinkerTest
[ RUN      ] LinkerTest.DataSegmentPlacedAfterText
[       OK ] LinkerTest.DataSegmentPlacedAfterText (0 ms)
[----------] 1 test from LinkerTest (0 ms total)

[----------] Global test environment tear-down
[==========] 1 test from 1 test suite ran. (0 ms total)
[  PASSED  ] 1 test.
<end of output>
Test time =   0.00 sec
----------------------------------------------------------
Test Passed.
"LinkerTest.DataSegmentPlacedAfterText" end time: Mar 04 04:21 UTC
"LinkerTest.DataSegmentPlacedAfterText" time elapsed: 00:00:00
----------------------------------------------------------

209/210 Testing: LinkerTest.EmptyObjectFileLinksOk
209/210 Test: LinkerTest.EmptyObjectFileLinksOk
Command: "/home/runner/work/nixie/nixie/build/linker_tests" "--gtest_filter=LinkerTest.EmptyObjectFileLinksOk" "--gtest_also_run_disabled_tests"
Directory: /home/runner/work/nixie/nixie/build
"LinkerTest.EmptyObjectFileLinksOk" start time: Mar 04 04:21 UTC
Output:
----------------------------------------------------------
Running main() from /home/runner/work/nixie/nixie/build/_deps/googletest-src/googletest/src/gtest_main.cc
Note: Google Test filter = LinkerTest.EmptyObjectFileLinksOk
[==========] Running 1 test from 1 test suite.
[----------] Global test environment set-up.
[----------] 1 test from LinkerTest
[ RUN      ] LinkerTest.EmptyObjectFileLinksOk
[       OK ] LinkerTest.EmptyObjectFileLinksOk (0 ms)
[----------] 1 test from LinkerTest (0 ms total)

[----------] Global test environment tear-down
[==========] 1 test from 1 test suite ran. (0 ms total)
[  PASSED  ] 1 test.
<end of output>
Test time =   0.00 sec
----------------------------------------------------------
Test Passed.
"LinkerTest.EmptyObjectFileLinksOk" end time: Mar 04 04:21 UTC
"LinkerTest.EmptyObjectFileLinksOk" time elapsed: 00:00:00
----------------------------------------------------------

210/210 Testing: LinkerTest.DefaultBaseAddressesApplied
210/210 Test: LinkerTest.DefaultBaseAddressesApplied
Command: "/home/runner/work/nixie/nixie/build/linker_tests" "--gtest_filter=LinkerTest.DefaultBaseAddressesApplied" "--gtest_also_run_disabled_tests"
Directory: /home/runner/work/nixie/nixie/build
"LinkerTest.DefaultBaseAddressesApplied" start time: Mar 04 04:21 UTC
Output:
----------------------------------------------------------
Running main() from /home/runner/work/nixie/nixie/build/_deps/googletest-src/googletest/src/gtest_main.cc
Note: Google Test filter = LinkerTest.DefaultBaseAddressesApplied
[==========] Running 1 test from 1 test suite.
[----------] Global test environment set-up.
[----------] 1 test from LinkerTest
[ RUN      ] LinkerTest.DefaultBaseAddressesApplied
[       OK ] LinkerTest.DefaultBaseAddressesApplied (0 ms)
[----------] 1 test from LinkerTest (0 ms total)

[----------] Global test environment tear-down
[==========] 1 test from 1 test suite ran. (0 ms total)
[  PASSED  ] 1 test.
<end of output>
Test time =   0.00 sec
----------------------------------------------------------
Test Passed.
"LinkerTest.DefaultBaseAddressesApplied" end time: Mar 04 04:21 UTC
"LinkerTest.DefaultBaseAddressesApplied" time elapsed: 00:00:00
----------------------------------------------------------

End testing: Mar 04 04:21 UTC
